Apache Maven 3.1.1 (0728685237757ffbf44136acec0402957f723d9a; 2013-09-17 17:22:22+0200)
Maven home: /usr/share/maven
Java version: 1.7.0_21, vendor: Oracle Corporation
Java home: /Library/Java/JavaVirtualMachines/jdk1.7.0_21.jdk/Contents/Home/jre
Default locale: en_US, platform encoding: UTF-8
OS name: "mac os x", version: "10.8.5", arch: "x86_64", family: "mac"
[INFO] Error stacktraces are turned on.
[DEBUG] Reading global settings from /usr/share/maven/conf/settings.xml
[DEBUG] Reading user settings from /Users/kama/.m2/settings.xml
[DEBUG] Using local repository at /Users/kama/.m2/repository
[DEBUG] Using manager EnhancedLocalRepositoryManager with priority 10.0 for /Users/kama/.m2/repository
[INFO] Scanning for projects...
[DEBUG] Using mirror nexus (http://localhost:8081/nexus/content/groups/public) for central (http://central).
[DEBUG] Extension realms for project ch.rethab:ear:ear:1.0.0: (none)
[DEBUG] Looking up lifecyle mappings for packaging ear from ClassRealm[plexus.core, parent: null]
[DEBUG] === REACTOR BUILD PLAN ================================================
[DEBUG] Project: ch.rethab:ear:ear:1.0.0
[DEBUG] Tasks:   [package]
[DEBUG] Style:   Regular
[DEBUG] =======================================================================
[INFO]                                                                         
[INFO] ------------------------------------------------------------------------
[INFO] Building ear 1.0.0
[INFO] ------------------------------------------------------------------------
[DEBUG] Lifecycle default -> [validate, initialize, generate-sources, process-sources, generate-resources, process-resources, compile, process-classes, generate-test-sources, process-test-sources, generate-test-resources, process-test-resources, test-compile, process-test-classes, test, prepare-package, package, pre-integration-test, integration-test, post-integration-test, verify, install, deploy]
[DEBUG] Lifecycle clean -> [pre-clean, clean, post-clean]
[DEBUG] Lifecycle site -> [pre-site, site, post-site, site-deploy]
[DEBUG] Skipped remote update check for org.apache.maven.plugins:maven-ear-plugin:2.10-SNAPSHOT/maven-metadata.xml, locally installed metadata up-to-date.
[DEBUG] Skipped remote update check for org.apache.maven.plugins:maven-ear-plugin:2.10-SNAPSHOT/maven-metadata.xml, locally installed metadata up-to-date.
[DEBUG] Using mirror nexus (http://localhost:8081/nexus/content/groups/public) for apache.snapshots (http://repository.apache.org/snapshots).
[DEBUG] Using mirror nexus (http://localhost:8081/nexus/content/groups/public) for apache.snapshots (http://repository.apache.org/snapshots).
[DEBUG] Lifecycle default -> [validate, initialize, generate-sources, process-sources, generate-resources, process-resources, compile, process-classes, generate-test-sources, process-test-sources, generate-test-resources, process-test-resources, test-compile, process-test-classes, test, prepare-package, package, pre-integration-test, integration-test, post-integration-test, verify, install, deploy]
[DEBUG] Lifecycle clean -> [pre-clean, clean, post-clean]
[DEBUG] Lifecycle site -> [pre-site, site, post-site, site-deploy]
[DEBUG] Lifecycle default -> [validate, initialize, generate-sources, process-sources, generate-resources, process-resources, compile, process-classes, generate-test-sources, process-test-sources, generate-test-resources, process-test-resources, test-compile, process-test-classes, test, prepare-package, package, pre-integration-test, integration-test, post-integration-test, verify, install, deploy]
[DEBUG] Lifecycle clean -> [pre-clean, clean, post-clean]
[DEBUG] Lifecycle site -> [pre-site, site, post-site, site-deploy]
[DEBUG] Lifecycle default -> [validate, initialize, generate-sources, process-sources, generate-resources, process-resources, compile, process-classes, generate-test-sources, process-test-sources, generate-test-resources, process-test-resources, test-compile, process-test-classes, test, prepare-package, package, pre-integration-test, integration-test, post-integration-test, verify, install, deploy]
[DEBUG] Lifecycle clean -> [pre-clean, clean, post-clean]
[DEBUG] Lifecycle site -> [pre-site, site, post-site, site-deploy]
[DEBUG] === PROJECT BUILD PLAN ================================================
[DEBUG] Project:       ch.rethab:ear:1.0.0
[DEBUG] Dependencies (collect): []
[DEBUG] Dependencies (resolve): [test]
[DEBUG] Repositories (dependencies): [nexus (http://localhost:8081/nexus/content/groups/public, releases+snapshots)]
[DEBUG] Repositories (plugins)     : [nexus (http://localhost:8081/nexus/content/groups/public, releases+snapshots)]
[DEBUG] -----------------------------------------------------------------------
[DEBUG] Goal:          org.apache.maven.plugins:maven-ear-plugin:2.10-SNAPSHOT:generate-application-xml (default-generate-application-xml)
[DEBUG] Style:         Regular
[DEBUG] Configuration: <?xml version="1.0" encoding="UTF-8"?>
<configuration>
  <defaultLibBundleDir>lib</defaultLibBundleDir>
  <description default-value="${project.description}"/>
  <displayName default-value="${project.artifactId}"/>
  <encoding default-value="UTF-8"/>
  <generateApplicationXml default-value="true"/>
  <generateModuleId default-value="false"/>
  <generatedDescriptorLocation default-value="${project.build.directory}"/>
  <includeLibInApplicationXml default-value="false"/>
  <libraryDirectoryMode default-value="DEFAULT"/>
  <project default-value="${project}"/>
  <tempFolder default-value="${project.build.directory}"/>
  <version default-value="1.3"/>
  <workDirectory default-value="${project.build.directory}/${project.build.finalName}"/>
</configuration>
[DEBUG] -----------------------------------------------------------------------
[DEBUG] Goal:          org.apache.maven.plugins:maven-resources-plugin:2.4.3:resources (default-resources)
[DEBUG] Style:         Regular
[DEBUG] Configuration: <?xml version="1.0" encoding="UTF-8"?>
<configuration>
  <buildFilters default-value="${project.build.filters}"/>
  <encoding default-value="${project.build.sourceEncoding}">${encoding}</encoding>
  <escapeString default-value="${maven.resources.escapeString}"/>
  <escapeWindowsPaths default-value="true">${maven.resources.escapeWindowsPaths}</escapeWindowsPaths>
  <includeEmptyDirs default-value="false">${maven.resources.includeEmptyDirs}</includeEmptyDirs>
  <outputDirectory default-value="${project.build.outputDirectory}"/>
  <overwrite default-value="false">${maven.resources.overwrite}</overwrite>
  <project default-value="${project}"/>
  <resources default-value="${project.resources}"/>
  <session default-value="${session}"/>
  <useBuildFilters default-value="true"/>
  <useDefaultDelimiters default-value="true"/>
</configuration>
[DEBUG] -----------------------------------------------------------------------
[DEBUG] Goal:          org.apache.maven.plugins:maven-ear-plugin:2.10-SNAPSHOT:ear (default-ear)
[DEBUG] Style:         Regular
[DEBUG] Configuration: <?xml version="1.0" encoding="UTF-8"?>
<configuration>
  <defaultLibBundleDir>lib</defaultLibBundleDir>
  <earSourceDirectory default-value="${basedir}/src/main/application"/>
  <earSourceIncludes default-value="**"/>
  <encoding default-value="UTF-8"/>
  <escapeString>${maven.ear.escapeString}</escapeString>
  <escapedBackslashesInFilePath default-value="false">${maven.ear.escapedBackslashesInFilePath}</escapedBackslashesInFilePath>
  <filtering default-value="false"/>
  <finalName default-value="${project.build.finalName}"/>
  <generatedDescriptorLocation default-value="${project.build.directory}"/>
  <includeLibInApplicationXml default-value="false"/>
  <outputDirectory default-value="${project.build.directory}"/>
  <project default-value="${project}"/>
  <session default-value="${session}"/>
  <skinnyWars default-value="false">${maven.ear.skinnyWars}</skinnyWars>
  <tempFolder default-value="${project.build.directory}"/>
  <useJvmChmod default-value="true">${maven.ear.useJvmChmod}</useJvmChmod>
  <version default-value="1.3"/>
  <workDirectory default-value="${project.build.directory}/${project.build.finalName}"/>
</configuration>
[DEBUG] =======================================================================
[DEBUG] Dependency collection stats: {ConflictMarker.analyzeTime=1, ConflictMarker.markTime=0, ConflictMarker.nodeCount=3, ConflictIdSorter.graphTime=1, ConflictIdSorter.topsortTime=0, ConflictIdSorter.conflictIdCount=2, ConflictIdSorter.conflictIdCycleCount=0, ConflictResolver.totalTime=3, ConflictResolver.conflictItemCount=2, DefaultDependencyCollector.collectTime=9, DefaultDependencyCollector.transformTime=7}
[DEBUG] ch.rethab:ear:ear:1.0.0
[DEBUG]    ch.rethab.email:utilities:jar:1.0.0:compile
[DEBUG]    ch.rethab.collections:utilities:jar:1.0.0:compile
[INFO] 
[INFO] --- maven-ear-plugin:2.10-SNAPSHOT:generate-application-xml (default-generate-application-xml) @ ear ---
[DEBUG] Created new class realm maven.api
[DEBUG] Importing foreign packages into class realm maven.api
[DEBUG]   Imported: org.apache.maven.wagon.events < plexus.core
[DEBUG]   Imported: org.eclipse.aether.impl < plexus.core
[DEBUG]   Imported: org.apache.maven.exception < plexus.core
[DEBUG]   Imported: org.codehaus.plexus.util.xml.Xpp3Dom < plexus.core
[DEBUG]   Imported: org.eclipse.aether.version < plexus.core
[DEBUG]   Imported: org.eclipse.aether.metadata < plexus.core
[DEBUG]   Imported: org.eclipse.aether.collection < plexus.core
[DEBUG]   Imported: org.apache.maven.monitor < plexus.core
[DEBUG]   Imported: org.apache.maven.wagon.repository < plexus.core
[DEBUG]   Imported: org.apache.maven.repository < plexus.core
[DEBUG]   Imported: org.apache.maven.wagon.resource < plexus.core
[DEBUG]   Imported: org.codehaus.plexus.logging < plexus.core
[DEBUG]   Imported: org.apache.maven.profiles < plexus.core
[DEBUG]   Imported: org.apache.maven.classrealm < plexus.core
[DEBUG]   Imported: org.eclipse.aether.artifact < plexus.core
[DEBUG]   Imported: org.apache.maven.execution < plexus.core
[DEBUG]   Imported: org.apache.maven.reporting < plexus.core
[DEBUG]   Imported: org.apache.maven.usability < plexus.core
[DEBUG]   Imported: org.codehaus.plexus.container < plexus.core
[DEBUG]   Imported: org.codehaus.plexus.component < plexus.core
[DEBUG]   Imported: org.eclipse.aether.transfer < plexus.core
[DEBUG]   Imported: org.apache.maven.wagon.authentication < plexus.core
[DEBUG]   Imported: org.codehaus.plexus.util.xml.pull.XmlSerializer < plexus.core
[DEBUG]   Imported: org.apache.maven.lifecycle < plexus.core
[DEBUG]   Imported: org.eclipse.aether.* < plexus.core
[DEBUG]   Imported: org.eclipse.aether.graph < plexus.core
[DEBUG]   Imported: org.codehaus.plexus.classworlds < plexus.core
[DEBUG]   Imported: org.eclipse.aether.internal.impl < plexus.core
[DEBUG]   Imported: org.eclipse.aether.repository < plexus.core
[DEBUG]   Imported: org.eclipse.aether.resolution < plexus.core
[DEBUG]   Imported: javax.inject.* < plexus.core
[DEBUG]   Imported: org.apache.maven.settings < plexus.core
[DEBUG]   Imported: org.codehaus.classworlds < plexus.core
[DEBUG]   Imported: org.apache.maven.wagon.* < plexus.core
[DEBUG]   Imported: org.apache.maven.toolchain < plexus.core
[DEBUG]   Imported: org.eclipse.aether.spi < plexus.core
[DEBUG]   Imported: org.apache.maven.wagon.observers < plexus.core
[DEBUG]   Imported: org.codehaus.plexus.util.xml.pull.XmlPullParserException < plexus.core
[DEBUG]   Imported: org.codehaus.plexus.util.xml.pull.XmlPullParser < plexus.core
[DEBUG]   Imported: org.apache.maven.configuration < plexus.core
[DEBUG]   Imported: org.apache.maven.cli < plexus.core
[DEBUG]   Imported: org.codehaus.plexus.context < plexus.core
[DEBUG]   Imported: org.apache.maven.wagon.authorization < plexus.core
[DEBUG]   Imported: org.apache.maven.project < plexus.core
[DEBUG]   Imported: org.eclipse.aether.installation < plexus.core
[DEBUG]   Imported: org.eclipse.aether.deployment < plexus.core
[DEBUG]   Imported: org.codehaus.plexus.lifecycle < plexus.core
[DEBUG]   Imported: org.apache.maven.rtinfo < plexus.core
[DEBUG]   Imported: org.codehaus.plexus.configuration < plexus.core
[DEBUG]   Imported: org.apache.maven.artifact < plexus.core
[DEBUG]   Imported: org.apache.maven.model < plexus.core
[DEBUG]   Imported: org.slf4j.* < plexus.core
[DEBUG]   Imported: javax.enterprise.inject.* < plexus.core
[DEBUG]   Imported: org.apache.maven.* < plexus.core
[DEBUG]   Imported: org.apache.maven.wagon.proxy < plexus.core
[DEBUG]   Imported: org.apache.maven.plugin < plexus.core
[DEBUG]   Imported: org.codehaus.plexus.* < plexus.core
[DEBUG]   Imported: org.codehaus.plexus.personality < plexus.core
[DEBUG] Populating class realm maven.api
[DEBUG] Using mirror nexus (http://localhost:8081/nexus/content/groups/public) for apache.snapshots (http://repository.apache.org/snapshots).
[DEBUG] Using mirror nexus (http://localhost:8081/nexus/content/groups/public) for apache.snapshots (http://repository.apache.org/snapshots).
[DEBUG] Using mirror nexus (http://localhost:8081/nexus/content/groups/public) for central (http://repo.maven.apache.org/maven2).
[DEBUG] Using mirror nexus (http://localhost:8081/nexus/content/groups/public) for apache.snapshots (http://repository.apache.org/snapshots).
[DEBUG] Using mirror nexus (http://localhost:8081/nexus/content/groups/public) for apache.snapshots (http://repository.apache.org/snapshots).
[DEBUG] Using mirror nexus (http://localhost:8081/nexus/content/groups/public) for central (http://repo.maven.apache.org/maven2).
[DEBUG] Using mirror nexus (http://localhost:8081/nexus/content/groups/public) for apache.snapshots (http://repository.apache.org/snapshots).
[DEBUG] Using mirror nexus (http://localhost:8081/nexus/content/groups/public) for apache.snapshots (http://repository.apache.org/snapshots).
[DEBUG] Using mirror nexus (http://localhost:8081/nexus/content/groups/public) for central (http://repo.maven.apache.org/maven2).
[DEBUG] Using mirror nexus (http://localhost:8081/nexus/content/groups/public) for apache.snapshots (http://repository.apache.org/snapshots).
[DEBUG] Using mirror nexus (http://localhost:8081/nexus/content/groups/public) for apache.snapshots (http://repository.apache.org/snapshots).
[DEBUG] Using mirror nexus (http://localhost:8081/nexus/content/groups/public) for central (http://repo.maven.apache.org/maven2).
[DEBUG] Using mirror nexus (http://localhost:8081/nexus/content/groups/public) for central (http://repo.maven.apache.org/maven2).
[DEBUG] Using mirror nexus (http://localhost:8081/nexus/content/groups/public) for central (http://repo.maven.apache.org/maven2).
[DEBUG] Using mirror nexus (http://localhost:8081/nexus/content/groups/public) for central (http://repo.maven.apache.org/maven2).
[DEBUG] Using mirror nexus (http://localhost:8081/nexus/content/groups/public) for snapshots (http://snapshots.maven.codehaus.org/maven2).
[DEBUG] Using mirror nexus (http://localhost:8081/nexus/content/groups/public) for snapshots (http://snapshots.maven.codehaus.org/maven2).
[DEBUG] Using mirror nexus (http://localhost:8081/nexus/content/groups/public) for central (http://repo.maven.apache.org/maven2).
[DEBUG] Using mirror nexus (http://localhost:8081/nexus/content/groups/public) for snapshots (http://snapshots.maven.codehaus.org/maven2).
[DEBUG] Using mirror nexus (http://localhost:8081/nexus/content/groups/public) for central (http://repo1.maven.org/maven2).
[DEBUG] Using mirror nexus (http://localhost:8081/nexus/content/groups/public) for snapshots (http://snapshots.maven.codehaus.org/maven2).
[DEBUG] Using mirror nexus (http://localhost:8081/nexus/content/groups/public) for central (http://repo1.maven.org/maven2).
[DEBUG] Using mirror nexus (http://localhost:8081/nexus/content/groups/public) for apache.snapshots (http://repository.apache.org/snapshots).
[DEBUG] Using mirror nexus (http://localhost:8081/nexus/content/groups/public) for apache.snapshots (http://repository.apache.org/snapshots).
[DEBUG] Using mirror nexus (http://localhost:8081/nexus/content/groups/public) for central (http://repo.maven.apache.org/maven2).
[DEBUG] Using mirror nexus (http://localhost:8081/nexus/content/groups/public) for apache.snapshots (http://repository.apache.org/snapshots).
[DEBUG] Using mirror nexus (http://localhost:8081/nexus/content/groups/public) for central (http://repo.maven.apache.org/maven2).
[DEBUG] Using mirror nexus (http://localhost:8081/nexus/content/groups/public) for central (http://repo.maven.apache.org/maven2).
[DEBUG] Using mirror nexus (http://localhost:8081/nexus/content/groups/public) for central (http://repo.maven.apache.org/maven2).
[DEBUG] Using mirror nexus (http://localhost:8081/nexus/content/groups/public) for snapshots (http://snapshots.maven.codehaus.org/maven2).
[DEBUG] Using mirror nexus (http://localhost:8081/nexus/content/groups/public) for central (http://repo.maven.apache.org/maven2).
[DEBUG] Using mirror nexus (http://localhost:8081/nexus/content/groups/public) for apache.snapshots (http://repository.apache.org/snapshots).
[DEBUG] Using mirror nexus (http://localhost:8081/nexus/content/groups/public) for central (http://repo.maven.apache.org/maven2).
[DEBUG] Using mirror nexus (http://localhost:8081/nexus/content/groups/public) for apache.snapshots (http://repository.apache.org/snapshots).
[DEBUG] Using mirror nexus (http://localhost:8081/nexus/content/groups/public) for apache.snapshots (http://repository.apache.org/snapshots).
[DEBUG] Using mirror nexus (http://localhost:8081/nexus/content/groups/public) for central (http://repo.maven.apache.org/maven2).
[DEBUG] Using mirror nexus (http://localhost:8081/nexus/content/groups/public) for apache.snapshots (http://repository.apache.org/snapshots).
[DEBUG] Using mirror nexus (http://localhost:8081/nexus/content/groups/public) for apache.snapshots (http://repository.apache.org/snapshots).
[DEBUG] Using mirror nexus (http://localhost:8081/nexus/content/groups/public) for central (http://repo.maven.apache.org/maven2).
[DEBUG] Using mirror nexus (http://localhost:8081/nexus/content/groups/public) for central (http://repo.maven.apache.org/maven2).
[DEBUG] Using mirror nexus (http://localhost:8081/nexus/content/groups/public) for central (http://repo.maven.apache.org/maven2).
[DEBUG] Using mirror nexus (http://localhost:8081/nexus/content/groups/public) for apache.snapshots (http://repository.apache.org/snapshots).
[DEBUG] Using mirror nexus (http://localhost:8081/nexus/content/groups/public) for apache.snapshots (http://repository.apache.org/snapshots).
[DEBUG] Using mirror nexus (http://localhost:8081/nexus/content/groups/public) for central (http://repo.maven.apache.org/maven2).
[DEBUG] Using mirror nexus (http://localhost:8081/nexus/content/groups/public) for central (http://repo.maven.apache.org/maven2).
[DEBUG] Using mirror nexus (http://localhost:8081/nexus/content/groups/public) for snapshots (http://snapshots.maven.codehaus.org/maven2).
[DEBUG] Using mirror nexus (http://localhost:8081/nexus/content/groups/public) for central (http://repo.maven.apache.org/maven2).
[DEBUG] Using mirror nexus (http://localhost:8081/nexus/content/groups/public) for apache.snapshots (http://repository.apache.org/snapshots).
[DEBUG] Using mirror nexus (http://localhost:8081/nexus/content/groups/public) for apache.snapshots (http://repository.apache.org/snapshots).
[DEBUG] Using mirror nexus (http://localhost:8081/nexus/content/groups/public) for central (http://repo.maven.apache.org/maven2).
[DEBUG] Using mirror nexus (http://localhost:8081/nexus/content/groups/public) for central (http://repo.maven.apache.org/maven2).
[DEBUG] Using mirror nexus (http://localhost:8081/nexus/content/groups/public) for snapshots (http://snapshots.maven.codehaus.org/maven2).
[DEBUG] Using mirror nexus (http://localhost:8081/nexus/content/groups/public) for central (http://repo.maven.apache.org/maven2).
[DEBUG] Using mirror nexus (http://localhost:8081/nexus/content/groups/public) for central (http://repo.maven.apache.org/maven2).
[DEBUG] Using mirror nexus (http://localhost:8081/nexus/content/groups/public) for central (http://repo.maven.apache.org/maven2).
[DEBUG] Using mirror nexus (http://localhost:8081/nexus/content/groups/public) for apache.snapshots (http://repository.apache.org/snapshots).
[DEBUG] Using mirror nexus (http://localhost:8081/nexus/content/groups/public) for central (http://repo.maven.apache.org/maven2).
[DEBUG] Using mirror nexus (http://localhost:8081/nexus/content/groups/public) for snapshots (http://snapshots.maven.codehaus.org/maven2).
[DEBUG] Using mirror nexus (http://localhost:8081/nexus/content/groups/public) for central (http://repo.maven.apache.org/maven2).
[DEBUG] Using mirror nexus (http://localhost:8081/nexus/content/groups/public) for apache.snapshots (http://repository.apache.org/snapshots).
[DEBUG] Using mirror nexus (http://localhost:8081/nexus/content/groups/public) for apache.snapshots (http://repository.apache.org/snapshots).
[DEBUG] Using mirror nexus (http://localhost:8081/nexus/content/groups/public) for central (http://repo.maven.apache.org/maven2).
[DEBUG] Using mirror nexus (http://localhost:8081/nexus/content/groups/public) for apache.snapshots (http://repository.apache.org/snapshots).
[DEBUG] Using mirror nexus (http://localhost:8081/nexus/content/groups/public) for central (http://repo.maven.apache.org/maven2).
[DEBUG] Using mirror nexus (http://localhost:8081/nexus/content/groups/public) for apache.snapshots (http://repository.apache.org/snapshots).
[DEBUG] Using mirror nexus (http://localhost:8081/nexus/content/groups/public) for apache.snapshots (http://repository.apache.org/snapshots).
[DEBUG] Using mirror nexus (http://localhost:8081/nexus/content/groups/public) for central (http://repo.maven.apache.org/maven2).
[DEBUG] Using mirror nexus (http://localhost:8081/nexus/content/groups/public) for apache.snapshots (http://repository.apache.org/snapshots).
[DEBUG] Using mirror nexus (http://localhost:8081/nexus/content/groups/public) for central (http://repo.maven.apache.org/maven2).
[DEBUG] Using mirror nexus (http://localhost:8081/nexus/content/groups/public) for apache.snapshots (http://repository.apache.org/snapshots).
[DEBUG] Using mirror nexus (http://localhost:8081/nexus/content/groups/public) for apache.snapshots (http://repository.apache.org/snapshots).
[DEBUG] Using mirror nexus (http://localhost:8081/nexus/content/groups/public) for central (http://repo.maven.apache.org/maven2).
[DEBUG] Using mirror nexus (http://localhost:8081/nexus/content/groups/public) for central (http://repo.maven.apache.org/maven2).
[DEBUG] Using mirror nexus (http://localhost:8081/nexus/content/groups/public) for snapshots (http://snapshots.maven.codehaus.org/maven2).
[DEBUG] Using mirror nexus (http://localhost:8081/nexus/content/groups/public) for central (http://repo.maven.apache.org/maven2).
[DEBUG] Using mirror nexus (http://localhost:8081/nexus/content/groups/public) for central (http://repo.maven.apache.org/maven2).
[DEBUG] Using mirror nexus (http://localhost:8081/nexus/content/groups/public) for central (http://repo.maven.apache.org/maven2).
[DEBUG] Using mirror nexus (http://localhost:8081/nexus/content/groups/public) for central (http://repo.maven.apache.org/maven2).
[DEBUG] Using mirror nexus (http://localhost:8081/nexus/content/groups/public) for apache.snapshots (http://repository.apache.org/snapshots).
[DEBUG] Using mirror nexus (http://localhost:8081/nexus/content/groups/public) for apache.snapshots (http://repository.apache.org/snapshots).
[DEBUG] Using mirror nexus (http://localhost:8081/nexus/content/groups/public) for central (http://repo.maven.apache.org/maven2).
[DEBUG] Using mirror nexus (http://localhost:8081/nexus/content/groups/public) for apache.snapshots (http://repository.apache.org/snapshots).
[DEBUG] Using mirror nexus (http://localhost:8081/nexus/content/groups/public) for apache.snapshots (http://repository.apache.org/snapshots).
[DEBUG] Using mirror nexus (http://localhost:8081/nexus/content/groups/public) for central (http://repo.maven.apache.org/maven2).
[DEBUG] Using mirror nexus (http://localhost:8081/nexus/content/groups/public) for apache.snapshots (http://repository.apache.org/snapshots).
[DEBUG] Using mirror nexus (http://localhost:8081/nexus/content/groups/public) for apache.snapshots (http://repository.apache.org/snapshots).
[DEBUG] Using mirror nexus (http://localhost:8081/nexus/content/groups/public) for central (http://repo.maven.apache.org/maven2).
[DEBUG] Using mirror nexus (http://localhost:8081/nexus/content/groups/public) for codehaus.snapshots (http://snapshots.repository.codehaus.org).
[DEBUG] Using mirror nexus (http://localhost:8081/nexus/content/groups/public) for codehaus.snapshots (http://snapshots.repository.codehaus.org).
[DEBUG] Using mirror nexus (http://localhost:8081/nexus/content/groups/public) for central (http://repo.maven.apache.org/maven2).
[DEBUG] Using mirror nexus (http://localhost:8081/nexus/content/groups/public) for codehaus.snapshots (http://snapshots.repository.codehaus.org).
[DEBUG] Using mirror nexus (http://localhost:8081/nexus/content/groups/public) for codehaus.snapshots (http://snapshots.repository.codehaus.org).
[DEBUG] Using mirror nexus (http://localhost:8081/nexus/content/groups/public) for central (http://repo.maven.apache.org/maven2).
[DEBUG] Using mirror nexus (http://localhost:8081/nexus/content/groups/public) for codehaus.snapshots (http://snapshots.repository.codehaus.org).
[DEBUG] Using mirror nexus (http://localhost:8081/nexus/content/groups/public) for codehaus.snapshots (http://snapshots.repository.codehaus.org).
[DEBUG] Using mirror nexus (http://localhost:8081/nexus/content/groups/public) for central (http://repo.maven.apache.org/maven2).
[DEBUG] Using mirror nexus (http://localhost:8081/nexus/content/groups/public) for apache.snapshots (http://repository.apache.org/snapshots).
[DEBUG] Using mirror nexus (http://localhost:8081/nexus/content/groups/public) for central (http://repo.maven.apache.org/maven2).
[DEBUG] Using mirror nexus (http://localhost:8081/nexus/content/groups/public) for apache.snapshots (http://repository.apache.org/snapshots).
[DEBUG] Using mirror nexus (http://localhost:8081/nexus/content/groups/public) for central (http://repo.maven.apache.org/maven2).
[DEBUG] Using mirror nexus (http://localhost:8081/nexus/content/groups/public) for apache.snapshots (http://repository.apache.org/snapshots).
[DEBUG] Using mirror nexus (http://localhost:8081/nexus/content/groups/public) for central (http://repo.maven.apache.org/maven2).
[DEBUG] Using mirror nexus (http://localhost:8081/nexus/content/groups/public) for apache.snapshots (http://repository.apache.org/snapshots).
[DEBUG] Using mirror nexus (http://localhost:8081/nexus/content/groups/public) for central (http://repo.maven.apache.org/maven2).
[DEBUG] Using mirror nexus (http://localhost:8081/nexus/content/groups/public) for snapshots (http://snapshots.maven.codehaus.org/maven2).
[DEBUG] Using mirror nexus (http://localhost:8081/nexus/content/groups/public) for central (http://repo.maven.apache.org/maven2).
[DEBUG] Using mirror nexus (http://localhost:8081/nexus/content/groups/public) for apache.snapshots (http://repository.apache.org/snapshots).
[DEBUG] Using mirror nexus (http://localhost:8081/nexus/content/groups/public) for central (http://repo.maven.apache.org/maven2).
[DEBUG] Using mirror nexus (http://localhost:8081/nexus/content/groups/public) for apache.snapshots (http://repository.apache.org/snapshots).
[DEBUG] Using mirror nexus (http://localhost:8081/nexus/content/groups/public) for apache.snapshots (http://repository.apache.org/snapshots).
[DEBUG] Using mirror nexus (http://localhost:8081/nexus/content/groups/public) for central (http://repo.maven.apache.org/maven2).
[DEBUG] Using mirror nexus (http://localhost:8081/nexus/content/groups/public) for snapshots (http://snapshots.maven.codehaus.org/maven2).
[DEBUG] Using mirror nexus (http://localhost:8081/nexus/content/groups/public) for central (http://repo.maven.apache.org/maven2).
[DEBUG] Using mirror nexus (http://localhost:8081/nexus/content/groups/public) for apache.snapshots (http://repository.apache.org/snapshots).
[DEBUG] Using mirror nexus (http://localhost:8081/nexus/content/groups/public) for central (http://repo.maven.apache.org/maven2).
[DEBUG] Using mirror nexus (http://localhost:8081/nexus/content/groups/public) for apache.snapshots (http://people.apache.org/repo/m2-snapshot-repository).
[DEBUG] Using mirror nexus (http://localhost:8081/nexus/content/groups/public) for apache.snapshots (http://people.apache.org/repo/m2-snapshot-repository).
[DEBUG] Using mirror nexus (http://localhost:8081/nexus/content/groups/public) for central (http://repo.maven.apache.org/maven2).
[DEBUG] Using mirror nexus (http://localhost:8081/nexus/content/groups/public) for apache.snapshots (http://repository.apache.org/snapshots).
[DEBUG] Using mirror nexus (http://localhost:8081/nexus/content/groups/public) for central (http://repo.maven.apache.org/maven2).
[DEBUG] Using mirror nexus (http://localhost:8081/nexus/content/groups/public) for apache.snapshots (http://repository.apache.org/snapshots).
[DEBUG] Using mirror nexus (http://localhost:8081/nexus/content/groups/public) for apache.snapshots (http://repository.apache.org/snapshots).
[DEBUG] Using mirror nexus (http://localhost:8081/nexus/content/groups/public) for central (http://repo.maven.apache.org/maven2).
[DEBUG] Using mirror nexus (http://localhost:8081/nexus/content/groups/public) for apache.snapshots (http://repository.apache.org/snapshots).
[DEBUG] Using mirror nexus (http://localhost:8081/nexus/content/groups/public) for central (http://repo.maven.apache.org/maven2).
[DEBUG] Using mirror nexus (http://localhost:8081/nexus/content/groups/public) for apache.snapshots (http://repository.apache.org/snapshots).
[DEBUG] Using mirror nexus (http://localhost:8081/nexus/content/groups/public) for central (http://repo.maven.apache.org/maven2).
[DEBUG] Using mirror nexus (http://localhost:8081/nexus/content/groups/public) for snapshots (http://snapshots.maven.codehaus.org/maven2).
[DEBUG] Using mirror nexus (http://localhost:8081/nexus/content/groups/public) for central (http://repo.maven.apache.org/maven2).
[DEBUG] Using mirror nexus (http://localhost:8081/nexus/content/groups/public) for snapshots (http://snapshots.maven.codehaus.org/maven2).
[DEBUG] Using mirror nexus (http://localhost:8081/nexus/content/groups/public) for central (http://repo1.maven.org/maven2).
[DEBUG] Using mirror nexus (http://localhost:8081/nexus/content/groups/public) for snapshots (http://snapshots.maven.codehaus.org/maven2).
[DEBUG] Using mirror nexus (http://localhost:8081/nexus/content/groups/public) for central (http://repo1.maven.org/maven2).
[DEBUG] Using mirror nexus (http://localhost:8081/nexus/content/groups/public) for apache.snapshots (http://repository.apache.org/snapshots).
[DEBUG] Using mirror nexus (http://localhost:8081/nexus/content/groups/public) for central (http://repo.maven.apache.org/maven2).
[DEBUG] Using mirror nexus (http://localhost:8081/nexus/content/groups/public) for apache.snapshots (http://repository.apache.org/snapshots).
[DEBUG] Using mirror nexus (http://localhost:8081/nexus/content/groups/public) for apache.snapshots (http://repository.apache.org/snapshots).
[DEBUG] Using mirror nexus (http://localhost:8081/nexus/content/groups/public) for central (http://repo.maven.apache.org/maven2).
[DEBUG] Using mirror nexus (http://localhost:8081/nexus/content/groups/public) for central (http://repo.maven.apache.org/maven2).
[DEBUG] Using mirror nexus (http://localhost:8081/nexus/content/groups/public) for central (http://repo.maven.apache.org/maven2).
[DEBUG] Using mirror nexus (http://localhost:8081/nexus/content/groups/public) for codehaus.snapshots (http://snapshots.repository.codehaus.org).
[DEBUG] Using mirror nexus (http://localhost:8081/nexus/content/groups/public) for codehaus.snapshots (http://snapshots.repository.codehaus.org).
[DEBUG] Using mirror nexus (http://localhost:8081/nexus/content/groups/public) for central (http://repo.maven.apache.org/maven2).
[DEBUG] Using mirror nexus (http://localhost:8081/nexus/content/groups/public) for central (http://repo.maven.apache.org/maven2).
[DEBUG] Using mirror nexus (http://localhost:8081/nexus/content/groups/public) for apache.snapshots (http://repository.apache.org/snapshots).
[DEBUG] Using mirror nexus (http://localhost:8081/nexus/content/groups/public) for apache.snapshots (http://repository.apache.org/snapshots).
[DEBUG] Using mirror nexus (http://localhost:8081/nexus/content/groups/public) for central (http://repo.maven.apache.org/maven2).
[DEBUG] Using mirror nexus (http://localhost:8081/nexus/content/groups/public) for apache.snapshots (http://people.apache.org/repo/m2-snapshot-repository).
[DEBUG] Using mirror nexus (http://localhost:8081/nexus/content/groups/public) for apache.snapshots (http://people.apache.org/repo/m2-snapshot-repository).
[DEBUG] Using mirror nexus (http://localhost:8081/nexus/content/groups/public) for central (http://repo.maven.apache.org/maven2).
[DEBUG] Using mirror nexus (http://localhost:8081/nexus/content/groups/public) for codehaus.snapshots (http://snapshots.repository.codehaus.org).
[DEBUG] Using mirror nexus (http://localhost:8081/nexus/content/groups/public) for codehaus.snapshots (http://snapshots.repository.codehaus.org).
[DEBUG] Using mirror nexus (http://localhost:8081/nexus/content/groups/public) for central (http://repo.maven.apache.org/maven2).
[DEBUG] Using mirror nexus (http://localhost:8081/nexus/content/groups/public) for apache.snapshots (http://people.apache.org/repo/m2-snapshot-repository).
[DEBUG] Using mirror nexus (http://localhost:8081/nexus/content/groups/public) for apache.snapshots (http://people.apache.org/repo/m2-snapshot-repository).
[DEBUG] Using mirror nexus (http://localhost:8081/nexus/content/groups/public) for central (http://repo.maven.apache.org/maven2).
[DEBUG] Using mirror nexus (http://localhost:8081/nexus/content/groups/public) for codehaus.snapshots (http://snapshots.repository.codehaus.org).
[DEBUG] Using mirror nexus (http://localhost:8081/nexus/content/groups/public) for central (http://repo.maven.apache.org/maven2).
[DEBUG] Using mirror nexus (http://localhost:8081/nexus/content/groups/public) for apache.snapshots (http://people.apache.org/repo/m2-snapshot-repository).
[DEBUG] Using mirror nexus (http://localhost:8081/nexus/content/groups/public) for apache.snapshots (http://people.apache.org/repo/m2-snapshot-repository).
[DEBUG] Using mirror nexus (http://localhost:8081/nexus/content/groups/public) for central (http://repo.maven.apache.org/maven2).
[DEBUG] Using mirror nexus (http://localhost:8081/nexus/content/groups/public) for apache.snapshots (http://people.apache.org/repo/m2-snapshot-repository).
[DEBUG] Using mirror nexus (http://localhost:8081/nexus/content/groups/public) for apache.snapshots (http://people.apache.org/repo/m2-snapshot-repository).
[DEBUG] Using mirror nexus (http://localhost:8081/nexus/content/groups/public) for central (http://repo.maven.apache.org/maven2).
[DEBUG] Using mirror nexus (http://localhost:8081/nexus/content/groups/public) for apache.snapshots (http://people.apache.org/repo/m2-snapshot-repository).
[DEBUG] Using mirror nexus (http://localhost:8081/nexus/content/groups/public) for central (http://repo.maven.apache.org/maven2).
[DEBUG] Using mirror nexus (http://localhost:8081/nexus/content/groups/public) for codehaus.snapshots (http://snapshots.repository.codehaus.org).
[DEBUG] Using mirror nexus (http://localhost:8081/nexus/content/groups/public) for central (http://repo.maven.apache.org/maven2).
[DEBUG] Using mirror nexus (http://localhost:8081/nexus/content/groups/public) for snapshots (http://snapshots.maven.codehaus.org/maven2).
[DEBUG] Using mirror nexus (http://localhost:8081/nexus/content/groups/public) for central (http://repo.maven.apache.org/maven2).
[DEBUG] Using mirror nexus (http://localhost:8081/nexus/content/groups/public) for apache.snapshots (http://people.apache.org/repo/m2-snapshot-repository).
[DEBUG] Using mirror nexus (http://localhost:8081/nexus/content/groups/public) for apache.snapshots (http://people.apache.org/repo/m2-snapshot-repository).
[DEBUG] Using mirror nexus (http://localhost:8081/nexus/content/groups/public) for central (http://repo.maven.apache.org/maven2).
[DEBUG] Using mirror nexus (http://localhost:8081/nexus/content/groups/public) for codehaus.snapshots (http://snapshots.repository.codehaus.org).
[DEBUG] Using mirror nexus (http://localhost:8081/nexus/content/groups/public) for central (http://repo.maven.apache.org/maven2).
[DEBUG] Using mirror nexus (http://localhost:8081/nexus/content/groups/public) for snapshots (http://snapshots.maven.codehaus.org/maven2).
[DEBUG] Using mirror nexus (http://localhost:8081/nexus/content/groups/public) for central (http://repo.maven.apache.org/maven2).
[DEBUG] Using mirror nexus (http://localhost:8081/nexus/content/groups/public) for apache.snapshots (http://people.apache.org/repo/m2-snapshot-repository).
[DEBUG] Using mirror nexus (http://localhost:8081/nexus/content/groups/public) for apache.snapshots (http://people.apache.org/repo/m2-snapshot-repository).
[DEBUG] Using mirror nexus (http://localhost:8081/nexus/content/groups/public) for central (http://repo.maven.apache.org/maven2).
[DEBUG] Using mirror nexus (http://localhost:8081/nexus/content/groups/public) for apache.snapshots (http://people.apache.org/repo/m2-snapshot-repository).
[DEBUG] Using mirror nexus (http://localhost:8081/nexus/content/groups/public) for apache.snapshots (http://people.apache.org/repo/m2-snapshot-repository).
[DEBUG] Using mirror nexus (http://localhost:8081/nexus/content/groups/public) for central (http://repo.maven.apache.org/maven2).
[DEBUG] Using mirror nexus (http://localhost:8081/nexus/content/groups/public) for apache.snapshots (http://people.apache.org/repo/m2-snapshot-repository).
[DEBUG] Using mirror nexus (http://localhost:8081/nexus/content/groups/public) for central (http://repo.maven.apache.org/maven2).
[DEBUG] Using mirror nexus (http://localhost:8081/nexus/content/groups/public) for codehaus.snapshots (http://snapshots.repository.codehaus.org).
[DEBUG] Using mirror nexus (http://localhost:8081/nexus/content/groups/public) for central (http://repo.maven.apache.org/maven2).
[DEBUG] Using mirror nexus (http://localhost:8081/nexus/content/groups/public) for snapshots (http://snapshots.maven.codehaus.org/maven2).
[DEBUG] Using mirror nexus (http://localhost:8081/nexus/content/groups/public) for central (http://repo.maven.apache.org/maven2).
[DEBUG] Using mirror nexus (http://localhost:8081/nexus/content/groups/public) for apache.snapshots (http://people.apache.org/repo/m2-snapshot-repository).
[DEBUG] Using mirror nexus (http://localhost:8081/nexus/content/groups/public) for central (http://repo.maven.apache.org/maven2).
[DEBUG] Using mirror nexus (http://localhost:8081/nexus/content/groups/public) for apache.snapshots (http://people.apache.org/repo/m2-snapshot-repository).
[DEBUG] Using mirror nexus (http://localhost:8081/nexus/content/groups/public) for central (http://repo.maven.apache.org/maven2).
[DEBUG] Using mirror nexus (http://localhost:8081/nexus/content/groups/public) for snapshots (http://snapshots.maven.codehaus.org/maven2).
[DEBUG] Using mirror nexus (http://localhost:8081/nexus/content/groups/public) for central (http://repo.maven.apache.org/maven2).
[DEBUG] Using mirror nexus (http://localhost:8081/nexus/content/groups/public) for apache.snapshots (http://people.apache.org/repo/m2-snapshot-repository).
[DEBUG] Using mirror nexus (http://localhost:8081/nexus/content/groups/public) for apache.snapshots (http://people.apache.org/repo/m2-snapshot-repository).
[DEBUG] Using mirror nexus (http://localhost:8081/nexus/content/groups/public) for central (http://repo.maven.apache.org/maven2).
[DEBUG] Using mirror nexus (http://localhost:8081/nexus/content/groups/public) for codehaus.snapshots (http://snapshots.repository.codehaus.org).
[DEBUG] Using mirror nexus (http://localhost:8081/nexus/content/groups/public) for central (http://repo.maven.apache.org/maven2).
[DEBUG] Using mirror nexus (http://localhost:8081/nexus/content/groups/public) for apache.snapshots (http://people.apache.org/repo/m2-snapshot-repository).
[DEBUG] Using mirror nexus (http://localhost:8081/nexus/content/groups/public) for apache.snapshots (http://people.apache.org/repo/m2-snapshot-repository).
[DEBUG] Using mirror nexus (http://localhost:8081/nexus/content/groups/public) for central (http://repo.maven.apache.org/maven2).
[DEBUG] Using mirror nexus (http://localhost:8081/nexus/content/groups/public) for snapshots (http://snapshots.maven.codehaus.org/maven2).
[DEBUG] Using mirror nexus (http://localhost:8081/nexus/content/groups/public) for central (http://repo.maven.apache.org/maven2).
[DEBUG] Using mirror nexus (http://localhost:8081/nexus/content/groups/public) for apache.snapshots (http://people.apache.org/repo/m2-snapshot-repository).
[DEBUG] Using mirror nexus (http://localhost:8081/nexus/content/groups/public) for apache.snapshots (http://people.apache.org/repo/m2-snapshot-repository).
[DEBUG] Using mirror nexus (http://localhost:8081/nexus/content/groups/public) for central (http://repo.maven.apache.org/maven2).
[DEBUG] Using mirror nexus (http://localhost:8081/nexus/content/groups/public) for apache.snapshots (http://people.apache.org/repo/m2-snapshot-repository).
[DEBUG] Using mirror nexus (http://localhost:8081/nexus/content/groups/public) for central (http://repo.maven.apache.org/maven2).
[DEBUG] Using mirror nexus (http://localhost:8081/nexus/content/groups/public) for apache.snapshots (http://people.apache.org/repo/m2-snapshot-repository).
[DEBUG] Using mirror nexus (http://localhost:8081/nexus/content/groups/public) for central (http://repo.maven.apache.org/maven2).
[DEBUG] Using mirror nexus (http://localhost:8081/nexus/content/groups/public) for apache.snapshots (http://people.apache.org/repo/m2-snapshot-repository).
[DEBUG] Using mirror nexus (http://localhost:8081/nexus/content/groups/public) for central (http://repo.maven.apache.org/maven2).
[DEBUG] Using mirror nexus (http://localhost:8081/nexus/content/groups/public) for apache.snapshots (http://people.apache.org/repo/m2-snapshot-repository).
[DEBUG] Using mirror nexus (http://localhost:8081/nexus/content/groups/public) for apache.snapshots (http://people.apache.org/repo/m2-snapshot-repository).
[DEBUG] Using mirror nexus (http://localhost:8081/nexus/content/groups/public) for central (http://repo.maven.apache.org/maven2).
[DEBUG] Using mirror nexus (http://localhost:8081/nexus/content/groups/public) for apache.snapshots (http://people.apache.org/repo/m2-snapshot-repository).
[DEBUG] Using mirror nexus (http://localhost:8081/nexus/content/groups/public) for central (http://repo.maven.apache.org/maven2).
[DEBUG] Using mirror nexus (http://localhost:8081/nexus/content/groups/public) for codehaus.snapshots (http://snapshots.repository.codehaus.org).
[DEBUG] Using mirror nexus (http://localhost:8081/nexus/content/groups/public) for central (http://repo.maven.apache.org/maven2).
[DEBUG] Using mirror nexus (http://localhost:8081/nexus/content/groups/public) for apache.snapshots (http://people.apache.org/repo/m2-snapshot-repository).
[DEBUG] Using mirror nexus (http://localhost:8081/nexus/content/groups/public) for central (http://repo.maven.apache.org/maven2).
[DEBUG] Using mirror nexus (http://localhost:8081/nexus/content/groups/public) for snapshots (http://snapshots.maven.codehaus.org/maven2).
[DEBUG] Using mirror nexus (http://localhost:8081/nexus/content/groups/public) for central (http://repo.maven.apache.org/maven2).
[DEBUG] Using mirror nexus (http://localhost:8081/nexus/content/groups/public) for apache.snapshots (http://people.apache.org/repo/m2-snapshot-repository).
[DEBUG] Using mirror nexus (http://localhost:8081/nexus/content/groups/public) for apache.snapshots (http://people.apache.org/repo/m2-snapshot-repository).
[DEBUG] Using mirror nexus (http://localhost:8081/nexus/content/groups/public) for central (http://repo.maven.apache.org/maven2).
[DEBUG] Using mirror nexus (http://localhost:8081/nexus/content/groups/public) for codehaus.snapshots (http://snapshots.repository.codehaus.org).
[DEBUG] Using mirror nexus (http://localhost:8081/nexus/content/groups/public) for central (http://repo.maven.apache.org/maven2).
[DEBUG] Using mirror nexus (http://localhost:8081/nexus/content/groups/public) for snapshots (http://snapshots.maven.codehaus.org/maven2).
[DEBUG] Using mirror nexus (http://localhost:8081/nexus/content/groups/public) for central (http://repo.maven.apache.org/maven2).
[DEBUG] Using mirror nexus (http://localhost:8081/nexus/content/groups/public) for codehaus.snapshots (http://snapshots.repository.codehaus.org).
[DEBUG] Using mirror nexus (http://localhost:8081/nexus/content/groups/public) for central (http://repo.maven.apache.org/maven2).
[DEBUG] Using mirror nexus (http://localhost:8081/nexus/content/groups/public) for apache.snapshots (http://people.apache.org/repo/m2-snapshot-repository).
[DEBUG] Using mirror nexus (http://localhost:8081/nexus/content/groups/public) for central (http://repo.maven.apache.org/maven2).
[DEBUG] Using mirror nexus (http://localhost:8081/nexus/content/groups/public) for snapshots (http://snapshots.maven.codehaus.org/maven2).
[DEBUG] Using mirror nexus (http://localhost:8081/nexus/content/groups/public) for central (http://repo.maven.apache.org/maven2).
[DEBUG] Using mirror nexus (http://localhost:8081/nexus/content/groups/public) for central (http://repo.maven.apache.org/maven2).
[DEBUG] Using mirror nexus (http://localhost:8081/nexus/content/groups/public) for apache.snapshots (http://people.apache.org/repo/m2-snapshot-repository).
[DEBUG] Using mirror nexus (http://localhost:8081/nexus/content/groups/public) for apache.snapshots (http://people.apache.org/repo/m2-snapshot-repository).
[DEBUG] Using mirror nexus (http://localhost:8081/nexus/content/groups/public) for central (http://repo.maven.apache.org/maven2).
[DEBUG] Using mirror nexus (http://localhost:8081/nexus/content/groups/public) for apache.snapshots (http://people.apache.org/repo/m2-snapshot-repository).
[DEBUG] Using mirror nexus (http://localhost:8081/nexus/content/groups/public) for apache.snapshots (http://people.apache.org/repo/m2-snapshot-repository).
[DEBUG] Using mirror nexus (http://localhost:8081/nexus/content/groups/public) for central (http://repo.maven.apache.org/maven2).
[DEBUG] Using mirror nexus (http://localhost:8081/nexus/content/groups/public) for apache.snapshots (http://people.apache.org/repo/m2-snapshot-repository).
[DEBUG] Using mirror nexus (http://localhost:8081/nexus/content/groups/public) for central (http://repo.maven.apache.org/maven2).
[DEBUG] Using mirror nexus (http://localhost:8081/nexus/content/groups/public) for apache.snapshots (http://people.apache.org/repo/m2-snapshot-repository).
[DEBUG] Using mirror nexus (http://localhost:8081/nexus/content/groups/public) for central (http://repo.maven.apache.org/maven2).
[DEBUG] Using mirror nexus (http://localhost:8081/nexus/content/groups/public) for snapshots (http://snapshots.maven.codehaus.org/maven2).
[DEBUG] Using mirror nexus (http://localhost:8081/nexus/content/groups/public) for central (http://repo.maven.apache.org/maven2).
[DEBUG] Using mirror nexus (http://localhost:8081/nexus/content/groups/public) for snapshots (http://snapshots.maven.codehaus.org/maven2).
[DEBUG] Using mirror nexus (http://localhost:8081/nexus/content/groups/public) for central (http://repo1.maven.org/maven2).
[DEBUG] Using mirror nexus (http://localhost:8081/nexus/content/groups/public) for apache.snapshots (http://people.apache.org/repo/m2-snapshot-repository).
[DEBUG] Using mirror nexus (http://localhost:8081/nexus/content/groups/public) for central (http://repo.maven.apache.org/maven2).
[DEBUG] Using mirror nexus (http://localhost:8081/nexus/content/groups/public) for apache.snapshots (http://people.apache.org/repo/m2-snapshot-repository).
[DEBUG] Using mirror nexus (http://localhost:8081/nexus/content/groups/public) for apache.snapshots (http://people.apache.org/repo/m2-snapshot-repository).
[DEBUG] Using mirror nexus (http://localhost:8081/nexus/content/groups/public) for central (http://repo.maven.apache.org/maven2).
[DEBUG] Using mirror nexus (http://localhost:8081/nexus/content/groups/public) for codehaus.snapshots (http://snapshots.repository.codehaus.org).
[DEBUG] Using mirror nexus (http://localhost:8081/nexus/content/groups/public) for central (http://repo.maven.apache.org/maven2).
[DEBUG] Using mirror nexus (http://localhost:8081/nexus/content/groups/public) for central (http://repo.maven.apache.org/maven2).
[DEBUG] Using mirror nexus (http://localhost:8081/nexus/content/groups/public) for snapshots (http://snapshots.maven.codehaus.org/maven2).
[DEBUG] Using mirror nexus (http://localhost:8081/nexus/content/groups/public) for central (http://repo.maven.apache.org/maven2).
[DEBUG] Using mirror nexus (http://localhost:8081/nexus/content/groups/public) for central (http://repo.maven.apache.org/maven2).
[DEBUG] Using mirror nexus (http://localhost:8081/nexus/content/groups/public) for central (http://repo.maven.apache.org/maven2).
[DEBUG] Using mirror nexus (http://localhost:8081/nexus/content/groups/public) for central (http://repo.maven.apache.org/maven2).
[DEBUG] Using mirror nexus (http://localhost:8081/nexus/content/groups/public) for central (http://repo.maven.apache.org/maven2).
[DEBUG] Using mirror nexus (http://localhost:8081/nexus/content/groups/public) for central (http://repo.maven.apache.org/maven2).
[DEBUG] Using mirror nexus (http://localhost:8081/nexus/content/groups/public) for plexus.snapshots (https://oss.sonatype.org/content/repositories/plexus-snapshots).
[DEBUG] Using mirror nexus (http://localhost:8081/nexus/content/groups/public) for plexus.snapshots (https://oss.sonatype.org/content/repositories/plexus-snapshots).
[DEBUG] Using mirror nexus (http://localhost:8081/nexus/content/groups/public) for central (http://repo.maven.apache.org/maven2).
[DEBUG] Using mirror nexus (http://localhost:8081/nexus/content/groups/public) for snapshots (http://snapshots.maven.codehaus.org/maven2).
[DEBUG] Using mirror nexus (http://localhost:8081/nexus/content/groups/public) for central (http://repo.maven.apache.org/maven2).
[DEBUG] Using mirror nexus (http://localhost:8081/nexus/content/groups/public) for snapshots (http://snapshots.maven.codehaus.org/maven2).
[DEBUG] Using mirror nexus (http://localhost:8081/nexus/content/groups/public) for central (http://repo1.maven.org/maven2).
[DEBUG] Using mirror nexus (http://localhost:8081/nexus/content/groups/public) for central (http://repo.maven.apache.org/maven2).
[DEBUG] Using mirror nexus (http://localhost:8081/nexus/content/groups/public) for plexus.snapshots (https://oss.sonatype.org/content/repositories/plexus-snapshots).
[DEBUG] Using mirror nexus (http://localhost:8081/nexus/content/groups/public) for plexus.snapshots (https://oss.sonatype.org/content/repositories/plexus-snapshots).
[DEBUG] Using mirror nexus (http://localhost:8081/nexus/content/groups/public) for central (http://repo.maven.apache.org/maven2).
[DEBUG] Using mirror nexus (http://localhost:8081/nexus/content/groups/public) for central (http://repo.maven.apache.org/maven2).
[DEBUG] Using mirror nexus (http://localhost:8081/nexus/content/groups/public) for apache.snapshots (http://repository.apache.org/snapshots).
[DEBUG] Using mirror nexus (http://localhost:8081/nexus/content/groups/public) for apache.snapshots (http://repository.apache.org/snapshots).
[DEBUG] Using mirror nexus (http://localhost:8081/nexus/content/groups/public) for central (http://repo.maven.apache.org/maven2).
[DEBUG] Using mirror nexus (http://localhost:8081/nexus/content/groups/public) for central (http://repo.maven.apache.org/maven2).
[DEBUG] Using mirror nexus (http://localhost:8081/nexus/content/groups/public) for apache.snapshots (http://people.apache.org/repo/m2-snapshot-repository).
[DEBUG] Using mirror nexus (http://localhost:8081/nexus/content/groups/public) for apache.snapshots (http://people.apache.org/repo/m2-snapshot-repository).
[DEBUG] Using mirror nexus (http://localhost:8081/nexus/content/groups/public) for central (http://repo.maven.apache.org/maven2).
[DEBUG] Using mirror nexus (http://localhost:8081/nexus/content/groups/public) for apache.snapshots (http://people.apache.org/repo/m2-snapshot-repository).
[DEBUG] Using mirror nexus (http://localhost:8081/nexus/content/groups/public) for central (http://repo.maven.apache.org/maven2).
[DEBUG] Using mirror nexus (http://localhost:8081/nexus/content/groups/public) for apache.snapshots (http://people.apache.org/repo/m2-snapshot-repository).
[DEBUG] Using mirror nexus (http://localhost:8081/nexus/content/groups/public) for central (http://repo.maven.apache.org/maven2).
[DEBUG] Using mirror nexus (http://localhost:8081/nexus/content/groups/public) for apache.snapshots (http://people.apache.org/repo/m2-snapshot-repository).
[DEBUG] Using mirror nexus (http://localhost:8081/nexus/content/groups/public) for central (http://repo.maven.apache.org/maven2).
[DEBUG] Using mirror nexus (http://localhost:8081/nexus/content/groups/public) for apache.snapshots (http://people.apache.org/repo/m2-snapshot-repository).
[DEBUG] Using mirror nexus (http://localhost:8081/nexus/content/groups/public) for central (http://repo.maven.apache.org/maven2).
[DEBUG] Using mirror nexus (http://localhost:8081/nexus/content/groups/public) for apache.snapshots (http://people.apache.org/repo/m2-snapshot-repository).
[DEBUG] Using mirror nexus (http://localhost:8081/nexus/content/groups/public) for central (http://repo.maven.apache.org/maven2).
[DEBUG] Using mirror nexus (http://localhost:8081/nexus/content/groups/public) for apache.snapshots (http://people.apache.org/repo/m2-snapshot-repository).
[DEBUG] Using mirror nexus (http://localhost:8081/nexus/content/groups/public) for central (http://repo.maven.apache.org/maven2).
[DEBUG] Using mirror nexus (http://localhost:8081/nexus/content/groups/public) for snapshots (http://snapshots.maven.codehaus.org/maven2).
[DEBUG] Using mirror nexus (http://localhost:8081/nexus/content/groups/public) for central (http://repo.maven.apache.org/maven2).
[DEBUG] Using mirror nexus (http://localhost:8081/nexus/content/groups/public) for snapshots (http://snapshots.maven.codehaus.org/maven2).
[DEBUG] Using mirror nexus (http://localhost:8081/nexus/content/groups/public) for central (http://repo1.maven.org/maven2).
[DEBUG] Using mirror nexus (http://localhost:8081/nexus/content/groups/public) for codehaus.snapshots (http://snapshots.repository.codehaus.org).
[DEBUG] Using mirror nexus (http://localhost:8081/nexus/content/groups/public) for apache.snapshots (http://people.apache.org/maven-snapshot-repository).
[DEBUG] Using mirror nexus (http://localhost:8081/nexus/content/groups/public) for codehaus.snapshots (http://snapshots.repository.codehaus.org).
[DEBUG] Using mirror nexus (http://localhost:8081/nexus/content/groups/public) for apache.snapshots (http://people.apache.org/maven-snapshot-repository).
[DEBUG] Using mirror nexus (http://localhost:8081/nexus/content/groups/public) for central (http://repo.maven.apache.org/maven2).
[DEBUG] Using mirror nexus (http://localhost:8081/nexus/content/groups/public) for codehaus.snapshots (http://snapshots.repository.codehaus.org).
[DEBUG] Using mirror nexus (http://localhost:8081/nexus/content/groups/public) for codehaus.snapshots (http://snapshots.repository.codehaus.org).
[DEBUG] Using mirror nexus (http://localhost:8081/nexus/content/groups/public) for central (http://repo.maven.apache.org/maven2).
[DEBUG] Dependency collection stats: {ConflictMarker.analyzeTime=1, ConflictMarker.markTime=1, ConflictMarker.nodeCount=156, ConflictIdSorter.graphTime=0, ConflictIdSorter.topsortTime=0, ConflictIdSorter.conflictIdCount=37, ConflictIdSorter.conflictIdCycleCount=0, ConflictResolver.totalTime=8, ConflictResolver.conflictItemCount=94, DefaultDependencyCollector.collectTime=374, DefaultDependencyCollector.transformTime=10}
[DEBUG] org.apache.maven.plugins:maven-ear-plugin:jar:2.10-SNAPSHOT:
[DEBUG]    org.apache.maven:maven-project:jar:2.2.1:compile
[DEBUG]       org.apache.maven:maven-settings:jar:2.2.1:compile
[DEBUG]       org.apache.maven:maven-profile:jar:2.2.1:compile
[DEBUG]       org.apache.maven:maven-model:jar:2.2.1:compile
[DEBUG]       org.apache.maven:maven-artifact-manager:jar:2.2.1:compile
[DEBUG]          backport-util-concurrent:backport-util-concurrent:jar:3.1:compile
[DEBUG]       org.apache.maven:maven-plugin-registry:jar:2.2.1:compile
[DEBUG]       org.codehaus.plexus:plexus-interpolation:jar:1.11:compile
[DEBUG]       org.codehaus.plexus:plexus-container-default:jar:1.0-alpha-9-stable-1:compile
[DEBUG]          junit:junit:jar:3.8.1:compile
[DEBUG]    org.apache.maven:maven-plugin-api:jar:2.2.1:compile
[DEBUG]    org.apache.maven:maven-artifact:jar:2.2.1:compile
[DEBUG]    org.apache.maven:maven-core:jar:2.2.1:compile
[DEBUG]       org.apache.maven:maven-plugin-parameter-documenter:jar:2.2.1:compile
[DEBUG]       org.slf4j:slf4j-jdk14:jar:1.5.6:runtime
[DEBUG]          org.slf4j:slf4j-api:jar:1.5.6:runtime
[DEBUG]       org.slf4j:jcl-over-slf4j:jar:1.5.6:runtime
[DEBUG]       org.apache.maven.reporting:maven-reporting-api:jar:2.2.1:compile
[DEBUG]          org.apache.maven.doxia:doxia-sink-api:jar:1.1:compile
[DEBUG]          org.apache.maven.doxia:doxia-logging-api:jar:1.1:compile
[DEBUG]       org.apache.maven:maven-repository-metadata:jar:2.2.1:compile
[DEBUG]       org.apache.maven:maven-error-diagnostics:jar:2.2.1:compile
[DEBUG]       commons-cli:commons-cli:jar:1.2:compile
[DEBUG]       org.apache.maven:maven-plugin-descriptor:jar:2.2.1:compile
[DEBUG]       org.codehaus.plexus:plexus-interactivity-api:jar:1.0-alpha-4:compile
[DEBUG]       org.apache.maven:maven-monitor:jar:2.2.1:compile
[DEBUG]       classworlds:classworlds:jar:1.1:compile
[DEBUG]       org.sonatype.plexus:plexus-sec-dispatcher:jar:1.3:compile
[DEBUG]          org.sonatype.plexus:plexus-cipher:jar:1.4:compile
[DEBUG]    org.apache.maven:maven-archiver:jar:2.5:compile
[DEBUG]    org.codehaus.plexus:plexus-archiver:jar:2.6.3:compile
[DEBUG]       org.codehaus.plexus:plexus-io:jar:2.1.3:compile
[DEBUG]       org.apache.commons:commons-compress:jar:1.8.1:compile
[DEBUG]    org.codehaus.plexus:plexus-utils:jar:3.0.18:compile
[DEBUG]    org.apache.maven.shared:maven-filtering:jar:1.0-beta-2:compile
[DEBUG] Created new class realm plugin>org.apache.maven.plugins:maven-ear-plugin:2.10-SNAPSHOT
[DEBUG] Importing foreign packages into class realm plugin>org.apache.maven.plugins:maven-ear-plugin:2.10-SNAPSHOT
[DEBUG]   Imported:  < maven.api
[DEBUG] Populating class realm plugin>org.apache.maven.plugins:maven-ear-plugin:2.10-SNAPSHOT
[DEBUG]   Included: org.apache.maven.plugins:maven-ear-plugin:jar:2.10-SNAPSHOT
[DEBUG]   Included: backport-util-concurrent:backport-util-concurrent:jar:3.1
[DEBUG]   Included: org.codehaus.plexus:plexus-interpolation:jar:1.11
[DEBUG]   Included: junit:junit:jar:3.8.1
[DEBUG]   Included: org.slf4j:slf4j-jdk14:jar:1.5.6
[DEBUG]   Included: org.slf4j:slf4j-api:jar:1.5.6
[DEBUG]   Included: org.slf4j:jcl-over-slf4j:jar:1.5.6
[DEBUG]   Included: org.apache.maven.reporting:maven-reporting-api:jar:2.2.1
[DEBUG]   Included: org.apache.maven.doxia:doxia-sink-api:jar:1.1
[DEBUG]   Included: org.apache.maven.doxia:doxia-logging-api:jar:1.1
[DEBUG]   Included: commons-cli:commons-cli:jar:1.2
[DEBUG]   Included: org.codehaus.plexus:plexus-interactivity-api:jar:1.0-alpha-4
[DEBUG]   Included: org.sonatype.plexus:plexus-sec-dispatcher:jar:1.3
[DEBUG]   Included: org.sonatype.plexus:plexus-cipher:jar:1.4
[DEBUG]   Included: org.apache.maven:maven-archiver:jar:2.5
[DEBUG]   Included: org.codehaus.plexus:plexus-archiver:jar:2.6.3
[DEBUG]   Included: org.codehaus.plexus:plexus-io:jar:2.1.3
[DEBUG]   Included: org.apache.commons:commons-compress:jar:1.8.1
[DEBUG]   Included: org.codehaus.plexus:plexus-utils:jar:3.0.18
[DEBUG]   Included: org.apache.maven.shared:maven-filtering:jar:1.0-beta-2
[DEBUG]   Excluded: org.apache.maven:maven-project:jar:2.2.1
[DEBUG]   Excluded: org.apache.maven:maven-settings:jar:2.2.1
[DEBUG]   Excluded: org.apache.maven:maven-profile:jar:2.2.1
[DEBUG]   Excluded: org.apache.maven:maven-model:jar:2.2.1
[DEBUG]   Excluded: org.apache.maven:maven-artifact-manager:jar:2.2.1
[DEBUG]   Excluded: org.apache.maven:maven-plugin-registry:jar:2.2.1
[DEBUG]   Excluded: org.codehaus.plexus:plexus-container-default:jar:1.0-alpha-9-stable-1
[DEBUG]   Excluded: org.apache.maven:maven-plugin-api:jar:2.2.1
[DEBUG]   Excluded: org.apache.maven:maven-artifact:jar:2.2.1
[DEBUG]   Excluded: org.apache.maven:maven-core:jar:2.2.1
[DEBUG]   Excluded: org.apache.maven:maven-plugin-parameter-documenter:jar:2.2.1
[DEBUG]   Excluded: org.apache.maven:maven-repository-metadata:jar:2.2.1
[DEBUG]   Excluded: org.apache.maven:maven-error-diagnostics:jar:2.2.1
[DEBUG]   Excluded: org.apache.maven:maven-plugin-descriptor:jar:2.2.1
[DEBUG]   Excluded: org.apache.maven:maven-monitor:jar:2.2.1
[DEBUG]   Excluded: classworlds:classworlds:jar:1.1
[DEBUG] Configuring mojo org.apache.maven.plugins:maven-ear-plugin:2.10-SNAPSHOT:generate-application-xml from plugin realm ClassRealm[plugin>org.apache.maven.plugins:maven-ear-plugin:2.10-SNAPSHOT, parent: sun.misc.Launcher$AppClassLoader@3f610944]
[DEBUG] Configuring mojo 'org.apache.maven.plugins:maven-ear-plugin:2.10-SNAPSHOT:generate-application-xml' with basic configurator -->
[DEBUG]   (f) defaultLibBundleDir = lib
[DEBUG]   (f) displayName = ear
[DEBUG]   (f) encoding = UTF-8
[DEBUG]   (f) generateApplicationXml = true
[DEBUG]   (f) generateModuleId = false
[DEBUG]   (f) generatedDescriptorLocation = /Users/kama/ws-git/apache/mear/MEAR-180/ear/target
[DEBUG]   (f) includeLibInApplicationXml = false
[DEBUG]   (f) libraryDirectoryMode = DEFAULT
[DEBUG]   (f) project = MavenProject: ch.rethab:ear:1.0.0 @ /Users/kama/ws-git/apache/mear/MEAR-180/ear/pom.xml
[DEBUG]   (f) tempFolder = /Users/kama/ws-git/apache/mear/MEAR-180/ear/target
[DEBUG]   (f) version = 1.3
[DEBUG]   (f) workDirectory = /Users/kama/ws-git/apache/mear/MEAR-180/ear/target/ear-1.0.0
[DEBUG] -- end configuration --
[DEBUG] Resolving artifact type mappings ...
[DEBUG] Initializing JBoss configuration if necessary ...
[DEBUG] Initializing ear execution context
[DEBUG] Resolving ear modules ...
[INFO] Generating application.xml
[DEBUG] Generation of jboss-app.xml is disabled
[INFO] 
[INFO] --- maven-resources-plugin:2.4.3:resources (default-resources) @ ear ---
[DEBUG] Using mirror nexus (http://localhost:8081/nexus/content/groups/public) for apache.snapshots (http://repository.apache.org/snapshots).
[DEBUG] Using mirror nexus (http://localhost:8081/nexus/content/groups/public) for apache.snapshots (http://repository.apache.org/snapshots).
[DEBUG] Using mirror nexus (http://localhost:8081/nexus/content/groups/public) for central (http://repo.maven.apache.org/maven2).
[DEBUG] Using mirror nexus (http://localhost:8081/nexus/content/groups/public) for apache.snapshots (http://people.apache.org/repo/m2-snapshot-repository).
[DEBUG] Using mirror nexus (http://localhost:8081/nexus/content/groups/public) for central (http://repo.maven.apache.org/maven2).
[DEBUG] Using mirror nexus (http://localhost:8081/nexus/content/groups/public) for apache.snapshots (http://people.apache.org/repo/m2-snapshot-repository).
[DEBUG] Using mirror nexus (http://localhost:8081/nexus/content/groups/public) for central (http://repo.maven.apache.org/maven2).
[DEBUG] Using mirror nexus (http://localhost:8081/nexus/content/groups/public) for apache.snapshots (http://people.apache.org/repo/m2-snapshot-repository).
[DEBUG] Using mirror nexus (http://localhost:8081/nexus/content/groups/public) for central (http://repo.maven.apache.org/maven2).
[DEBUG] Using mirror nexus (http://localhost:8081/nexus/content/groups/public) for apache.snapshots (http://people.apache.org/repo/m2-snapshot-repository).
[DEBUG] Using mirror nexus (http://localhost:8081/nexus/content/groups/public) for central (http://repo.maven.apache.org/maven2).
[DEBUG] Using mirror nexus (http://localhost:8081/nexus/content/groups/public) for codehaus.snapshots (http://snapshots.repository.codehaus.org).
[DEBUG] Using mirror nexus (http://localhost:8081/nexus/content/groups/public) for central (http://repo.maven.apache.org/maven2).
[DEBUG] Using mirror nexus (http://localhost:8081/nexus/content/groups/public) for codehaus.snapshots (http://snapshots.repository.codehaus.org).
[DEBUG] Using mirror nexus (http://localhost:8081/nexus/content/groups/public) for central (http://repo.maven.apache.org/maven2).
[DEBUG] Using mirror nexus (http://localhost:8081/nexus/content/groups/public) for snapshots (http://snapshots.maven.codehaus.org/maven2).
[DEBUG] Using mirror nexus (http://localhost:8081/nexus/content/groups/public) for central (http://repo.maven.apache.org/maven2).
[DEBUG] Using mirror nexus (http://localhost:8081/nexus/content/groups/public) for snapshots (http://snapshots.maven.codehaus.org/maven2).
[DEBUG] Using mirror nexus (http://localhost:8081/nexus/content/groups/public) for central (http://repo1.maven.org/maven2).
[DEBUG] Using mirror nexus (http://localhost:8081/nexus/content/groups/public) for apache.snapshots (http://people.apache.org/repo/m2-snapshot-repository).
[DEBUG] Using mirror nexus (http://localhost:8081/nexus/content/groups/public) for central (http://repo.maven.apache.org/maven2).
[DEBUG] Using mirror nexus (http://localhost:8081/nexus/content/groups/public) for apache.snapshots (http://people.apache.org/repo/m2-snapshot-repository).
[DEBUG] Using mirror nexus (http://localhost:8081/nexus/content/groups/public) for central (http://repo.maven.apache.org/maven2).
[DEBUG] Using mirror nexus (http://localhost:8081/nexus/content/groups/public) for codehaus.snapshots (http://snapshots.repository.codehaus.org).
[DEBUG] Using mirror nexus (http://localhost:8081/nexus/content/groups/public) for central (http://repo.maven.apache.org/maven2).
[DEBUG] Using mirror nexus (http://localhost:8081/nexus/content/groups/public) for snapshots (http://snapshots.maven.codehaus.org/maven2).
[DEBUG] Using mirror nexus (http://localhost:8081/nexus/content/groups/public) for central (http://repo.maven.apache.org/maven2).
[DEBUG] Using mirror nexus (http://localhost:8081/nexus/content/groups/public) for apache.snapshots (http://people.apache.org/repo/m2-snapshot-repository).
[DEBUG] Using mirror nexus (http://localhost:8081/nexus/content/groups/public) for central (http://repo.maven.apache.org/maven2).
[DEBUG] Using mirror nexus (http://localhost:8081/nexus/content/groups/public) for apache.snapshots (http://people.apache.org/repo/m2-snapshot-repository).
[DEBUG] Using mirror nexus (http://localhost:8081/nexus/content/groups/public) for central (http://repo.maven.apache.org/maven2).
[DEBUG] Using mirror nexus (http://localhost:8081/nexus/content/groups/public) for apache.snapshots (http://people.apache.org/repo/m2-snapshot-repository).
[DEBUG] Using mirror nexus (http://localhost:8081/nexus/content/groups/public) for central (http://repo.maven.apache.org/maven2).
[DEBUG] Using mirror nexus (http://localhost:8081/nexus/content/groups/public) for codehaus.snapshots (http://snapshots.repository.codehaus.org).
[DEBUG] Using mirror nexus (http://localhost:8081/nexus/content/groups/public) for central (http://repo.maven.apache.org/maven2).
[DEBUG] Using mirror nexus (http://localhost:8081/nexus/content/groups/public) for codehaus.snapshots (http://snapshots.repository.codehaus.org).
[DEBUG] Using mirror nexus (http://localhost:8081/nexus/content/groups/public) for central (http://repo.maven.apache.org/maven2).
[DEBUG] Using mirror nexus (http://localhost:8081/nexus/content/groups/public) for apache.snapshots (http://people.apache.org/repo/m2-snapshot-repository).
[DEBUG] Using mirror nexus (http://localhost:8081/nexus/content/groups/public) for central (http://repo.maven.apache.org/maven2).
[DEBUG] Using mirror nexus (http://localhost:8081/nexus/content/groups/public) for codehaus.snapshots (http://snapshots.repository.codehaus.org).
[DEBUG] Using mirror nexus (http://localhost:8081/nexus/content/groups/public) for central (http://repo.maven.apache.org/maven2).
[DEBUG] Using mirror nexus (http://localhost:8081/nexus/content/groups/public) for snapshots (http://snapshots.maven.codehaus.org/maven2).
[DEBUG] Using mirror nexus (http://localhost:8081/nexus/content/groups/public) for central (http://repo.maven.apache.org/maven2).
[DEBUG] Using mirror nexus (http://localhost:8081/nexus/content/groups/public) for apache.snapshots (http://people.apache.org/repo/m2-snapshot-repository).
[DEBUG] Using mirror nexus (http://localhost:8081/nexus/content/groups/public) for central (http://repo.maven.apache.org/maven2).
[DEBUG] Using mirror nexus (http://localhost:8081/nexus/content/groups/public) for codehaus.snapshots (http://snapshots.repository.codehaus.org).
[DEBUG] Using mirror nexus (http://localhost:8081/nexus/content/groups/public) for central (http://repo.maven.apache.org/maven2).
[DEBUG] Using mirror nexus (http://localhost:8081/nexus/content/groups/public) for snapshots (http://snapshots.maven.codehaus.org/maven2).
[DEBUG] Using mirror nexus (http://localhost:8081/nexus/content/groups/public) for central (http://repo.maven.apache.org/maven2).
[DEBUG] Using mirror nexus (http://localhost:8081/nexus/content/groups/public) for codehaus.snapshots (http://snapshots.repository.codehaus.org).
[DEBUG] Using mirror nexus (http://localhost:8081/nexus/content/groups/public) for central (http://repo.maven.apache.org/maven2).
[DEBUG] Using mirror nexus (http://localhost:8081/nexus/content/groups/public) for apache.snapshots (http://people.apache.org/repo/m2-snapshot-repository).
[DEBUG] Using mirror nexus (http://localhost:8081/nexus/content/groups/public) for central (http://repo.maven.apache.org/maven2).
[DEBUG] Using mirror nexus (http://localhost:8081/nexus/content/groups/public) for snapshots (http://snapshots.maven.codehaus.org/maven2).
[DEBUG] Using mirror nexus (http://localhost:8081/nexus/content/groups/public) for central (http://repo.maven.apache.org/maven2).
[DEBUG] Using mirror nexus (http://localhost:8081/nexus/content/groups/public) for apache.snapshots (http://people.apache.org/repo/m2-snapshot-repository).
[DEBUG] Using mirror nexus (http://localhost:8081/nexus/content/groups/public) for central (http://repo.maven.apache.org/maven2).
[DEBUG] Using mirror nexus (http://localhost:8081/nexus/content/groups/public) for apache.snapshots (http://people.apache.org/repo/m2-snapshot-repository).
[DEBUG] Using mirror nexus (http://localhost:8081/nexus/content/groups/public) for central (http://repo.maven.apache.org/maven2).
[DEBUG] Using mirror nexus (http://localhost:8081/nexus/content/groups/public) for apache.snapshots (http://people.apache.org/repo/m2-snapshot-repository).
[DEBUG] Using mirror nexus (http://localhost:8081/nexus/content/groups/public) for central (http://repo.maven.apache.org/maven2).
[DEBUG] Using mirror nexus (http://localhost:8081/nexus/content/groups/public) for codehaus.snapshots (http://snapshots.repository.codehaus.org).
[DEBUG] Using mirror nexus (http://localhost:8081/nexus/content/groups/public) for central (http://repo.maven.apache.org/maven2).
[DEBUG] Using mirror nexus (http://localhost:8081/nexus/content/groups/public) for snapshots (http://snapshots.maven.codehaus.org/maven2).
[DEBUG] Using mirror nexus (http://localhost:8081/nexus/content/groups/public) for central (http://repo.maven.apache.org/maven2).
[DEBUG] Using mirror nexus (http://localhost:8081/nexus/content/groups/public) for apache.snapshots (http://people.apache.org/repo/m2-snapshot-repository).
[DEBUG] Using mirror nexus (http://localhost:8081/nexus/content/groups/public) for central (http://repo.maven.apache.org/maven2).
[DEBUG] Using mirror nexus (http://localhost:8081/nexus/content/groups/public) for apache.snapshots (http://people.apache.org/repo/m2-snapshot-repository).
[DEBUG] Using mirror nexus (http://localhost:8081/nexus/content/groups/public) for central (http://repo.maven.apache.org/maven2).
[DEBUG] Using mirror nexus (http://localhost:8081/nexus/content/groups/public) for apache.snapshots (http://people.apache.org/repo/m2-snapshot-repository).
[DEBUG] Using mirror nexus (http://localhost:8081/nexus/content/groups/public) for central (http://repo.maven.apache.org/maven2).
[DEBUG] Using mirror nexus (http://localhost:8081/nexus/content/groups/public) for apache.snapshots (http://people.apache.org/repo/m2-snapshot-repository).
[DEBUG] Using mirror nexus (http://localhost:8081/nexus/content/groups/public) for central (http://repo.maven.apache.org/maven2).
[DEBUG] Using mirror nexus (http://localhost:8081/nexus/content/groups/public) for snapshots (http://snapshots.maven.codehaus.org/maven2).
[DEBUG] Using mirror nexus (http://localhost:8081/nexus/content/groups/public) for central (http://repo.maven.apache.org/maven2).
[DEBUG] Using mirror nexus (http://localhost:8081/nexus/content/groups/public) for apache.snapshots (http://people.apache.org/repo/m2-snapshot-repository).
[DEBUG] Using mirror nexus (http://localhost:8081/nexus/content/groups/public) for central (http://repo.maven.apache.org/maven2).
[DEBUG] Using mirror nexus (http://localhost:8081/nexus/content/groups/public) for apache.snapshots (http://people.apache.org/repo/m2-snapshot-repository).
[DEBUG] Using mirror nexus (http://localhost:8081/nexus/content/groups/public) for central (http://repo.maven.apache.org/maven2).
[DEBUG] Using mirror nexus (http://localhost:8081/nexus/content/groups/public) for snapshots (http://snapshots.maven.codehaus.org/maven2).
[DEBUG] Using mirror nexus (http://localhost:8081/nexus/content/groups/public) for central (http://repo.maven.apache.org/maven2).
[DEBUG] Using mirror nexus (http://localhost:8081/nexus/content/groups/public) for apache.snapshots (http://people.apache.org/repo/m2-snapshot-repository).
[DEBUG] Using mirror nexus (http://localhost:8081/nexus/content/groups/public) for central (http://repo.maven.apache.org/maven2).
[DEBUG] Using mirror nexus (http://localhost:8081/nexus/content/groups/public) for central (http://repo.maven.apache.org/maven2).
[DEBUG] Using mirror nexus (http://localhost:8081/nexus/content/groups/public) for apache.snapshots (http://people.apache.org/repo/m2-snapshot-repository).
[DEBUG] Using mirror nexus (http://localhost:8081/nexus/content/groups/public) for central (http://repo.maven.apache.org/maven2).
[DEBUG] Using mirror nexus (http://localhost:8081/nexus/content/groups/public) for apache.snapshots (http://people.apache.org/repo/m2-snapshot-repository).
[DEBUG] Using mirror nexus (http://localhost:8081/nexus/content/groups/public) for central (http://repo.maven.apache.org/maven2).
[DEBUG] Using mirror nexus (http://localhost:8081/nexus/content/groups/public) for apache.snapshots (http://people.apache.org/repo/m2-snapshot-repository).
[DEBUG] Using mirror nexus (http://localhost:8081/nexus/content/groups/public) for central (http://repo.maven.apache.org/maven2).
[DEBUG] Using mirror nexus (http://localhost:8081/nexus/content/groups/public) for apache.snapshots (http://people.apache.org/repo/m2-snapshot-repository).
[DEBUG] Using mirror nexus (http://localhost:8081/nexus/content/groups/public) for central (http://repo.maven.apache.org/maven2).
[DEBUG] Using mirror nexus (http://localhost:8081/nexus/content/groups/public) for snapshots (http://snapshots.maven.codehaus.org/maven2).
[DEBUG] Using mirror nexus (http://localhost:8081/nexus/content/groups/public) for central (http://repo.maven.apache.org/maven2).
[DEBUG] Using mirror nexus (http://localhost:8081/nexus/content/groups/public) for snapshots (http://snapshots.maven.codehaus.org/maven2).
[DEBUG] Using mirror nexus (http://localhost:8081/nexus/content/groups/public) for central (http://repo1.maven.org/maven2).
[DEBUG] Using mirror nexus (http://localhost:8081/nexus/content/groups/public) for apache.snapshots (http://people.apache.org/repo/m2-snapshot-repository).
[DEBUG] Using mirror nexus (http://localhost:8081/nexus/content/groups/public) for central (http://repo.maven.apache.org/maven2).
[DEBUG] Using mirror nexus (http://localhost:8081/nexus/content/groups/public) for apache.snapshots (http://people.apache.org/repo/m2-snapshot-repository).
[DEBUG] Using mirror nexus (http://localhost:8081/nexus/content/groups/public) for central (http://repo.maven.apache.org/maven2).
[DEBUG] Using mirror nexus (http://localhost:8081/nexus/content/groups/public) for codehaus.snapshots (http://snapshots.repository.codehaus.org).
[DEBUG] Using mirror nexus (http://localhost:8081/nexus/content/groups/public) for central (http://repo.maven.apache.org/maven2).
[DEBUG] Using mirror nexus (http://localhost:8081/nexus/content/groups/public) for apache.snapshots (http://people.apache.org/repo/m2-snapshot-repository).
[DEBUG] Using mirror nexus (http://localhost:8081/nexus/content/groups/public) for central (http://repo.maven.apache.org/maven2).
[DEBUG] Using mirror nexus (http://localhost:8081/nexus/content/groups/public) for apache.snapshots (http://people.apache.org/repo/m2-snapshot-repository).
[DEBUG] Using mirror nexus (http://localhost:8081/nexus/content/groups/public) for central (http://repo.maven.apache.org/maven2).
[DEBUG] Using mirror nexus (http://localhost:8081/nexus/content/groups/public) for apache.snapshots (http://people.apache.org/repo/m2-snapshot-repository).
[DEBUG] Using mirror nexus (http://localhost:8081/nexus/content/groups/public) for central (http://repo.maven.apache.org/maven2).
[DEBUG] Using mirror nexus (http://localhost:8081/nexus/content/groups/public) for apache.snapshots (http://people.apache.org/repo/m2-snapshot-repository).
[DEBUG] Using mirror nexus (http://localhost:8081/nexus/content/groups/public) for central (http://repo.maven.apache.org/maven2).
[DEBUG] Using mirror nexus (http://localhost:8081/nexus/content/groups/public) for snapshots (http://snapshots.maven.codehaus.org/maven2).
[DEBUG] Using mirror nexus (http://localhost:8081/nexus/content/groups/public) for central (http://repo.maven.apache.org/maven2).
[DEBUG] Using mirror nexus (http://localhost:8081/nexus/content/groups/public) for snapshots (http://snapshots.maven.codehaus.org/maven2).
[DEBUG] Using mirror nexus (http://localhost:8081/nexus/content/groups/public) for central (http://repo1.maven.org/maven2).
[DEBUG] Using mirror nexus (http://localhost:8081/nexus/content/groups/public) for central (http://repo.maven.apache.org/maven2).
[DEBUG] Using mirror nexus (http://localhost:8081/nexus/content/groups/public) for apache.snapshots (http://repository.apache.org/snapshots).
[DEBUG] Using mirror nexus (http://localhost:8081/nexus/content/groups/public) for apache.snapshots (http://repository.apache.org/snapshots).
[DEBUG] Using mirror nexus (http://localhost:8081/nexus/content/groups/public) for central (http://repo.maven.apache.org/maven2).
[DEBUG] Using mirror nexus (http://localhost:8081/nexus/content/groups/public) for apache.snapshots (http://people.apache.org/repo/m2-snapshot-repository).
[DEBUG] Using mirror nexus (http://localhost:8081/nexus/content/groups/public) for central (http://repo.maven.apache.org/maven2).
[DEBUG] Using mirror nexus (http://localhost:8081/nexus/content/groups/public) for apache.snapshots (http://people.apache.org/repo/m2-snapshot-repository).
[DEBUG] Using mirror nexus (http://localhost:8081/nexus/content/groups/public) for central (http://repo.maven.apache.org/maven2).
[DEBUG] Using mirror nexus (http://localhost:8081/nexus/content/groups/public) for apache.snapshots (http://people.apache.org/repo/m2-snapshot-repository).
[DEBUG] Using mirror nexus (http://localhost:8081/nexus/content/groups/public) for central (http://repo.maven.apache.org/maven2).
[DEBUG] Using mirror nexus (http://localhost:8081/nexus/content/groups/public) for apache.snapshots (http://people.apache.org/repo/m2-snapshot-repository).
[DEBUG] Using mirror nexus (http://localhost:8081/nexus/content/groups/public) for central (http://repo.maven.apache.org/maven2).
[DEBUG] Using mirror nexus (http://localhost:8081/nexus/content/groups/public) for apache.snapshots (http://people.apache.org/repo/m2-snapshot-repository).
[DEBUG] Using mirror nexus (http://localhost:8081/nexus/content/groups/public) for central (http://repo.maven.apache.org/maven2).
[DEBUG] Using mirror nexus (http://localhost:8081/nexus/content/groups/public) for apache.snapshots (http://people.apache.org/repo/m2-snapshot-repository).
[DEBUG] Using mirror nexus (http://localhost:8081/nexus/content/groups/public) for central (http://repo.maven.apache.org/maven2).
[DEBUG] Using mirror nexus (http://localhost:8081/nexus/content/groups/public) for snapshots (http://snapshots.maven.codehaus.org/maven2).
[DEBUG] Using mirror nexus (http://localhost:8081/nexus/content/groups/public) for central (http://repo.maven.apache.org/maven2).
[DEBUG] Using mirror nexus (http://localhost:8081/nexus/content/groups/public) for central (http://repo.maven.apache.org/maven2).
[DEBUG] Using mirror nexus (http://localhost:8081/nexus/content/groups/public) for central (http://repo.maven.apache.org/maven2).
[DEBUG] Using mirror nexus (http://localhost:8081/nexus/content/groups/public) for central (http://repo.maven.apache.org/maven2).
[DEBUG] Using mirror nexus (http://localhost:8081/nexus/content/groups/public) for central (http://repo.maven.apache.org/maven2).
[DEBUG] Using mirror nexus (http://localhost:8081/nexus/content/groups/public) for central (http://repo.maven.apache.org/maven2).
[DEBUG] Dependency collection stats: {ConflictMarker.analyzeTime=1, ConflictMarker.markTime=0, ConflictMarker.nodeCount=78, ConflictIdSorter.graphTime=0, ConflictIdSorter.topsortTime=0, ConflictIdSorter.conflictIdCount=26, ConflictIdSorter.conflictIdCycleCount=0, ConflictResolver.totalTime=4, ConflictResolver.conflictItemCount=75, DefaultDependencyCollector.collectTime=30, DefaultDependencyCollector.transformTime=5}
[DEBUG] org.apache.maven.plugins:maven-resources-plugin:jar:2.4.3:
[DEBUG]    org.apache.maven:maven-plugin-api:jar:2.0.6:compile
[DEBUG]    org.apache.maven:maven-project:jar:2.0.6:compile
[DEBUG]       org.apache.maven:maven-profile:jar:2.0.6:compile
[DEBUG]       org.apache.maven:maven-artifact-manager:jar:2.0.6:compile
[DEBUG]       org.apache.maven:maven-plugin-registry:jar:2.0.6:compile
[DEBUG]    org.apache.maven:maven-core:jar:2.0.6:compile
[DEBUG]       org.apache.maven:maven-plugin-parameter-documenter:jar:2.0.6:compile
[DEBUG]       org.apache.maven.reporting:maven-reporting-api:jar:2.0.6:compile
[DEBUG]          org.apache.maven.doxia:doxia-sink-api:jar:1.0-alpha-7:compile
[DEBUG]       org.apache.maven:maven-repository-metadata:jar:2.0.6:compile
[DEBUG]       org.apache.maven:maven-error-diagnostics:jar:2.0.6:compile
[DEBUG]       commons-cli:commons-cli:jar:1.0:compile
[DEBUG]       org.apache.maven:maven-plugin-descriptor:jar:2.0.6:compile
[DEBUG]       org.codehaus.plexus:plexus-interactivity-api:jar:1.0-alpha-4:compile
[DEBUG]       classworlds:classworlds:jar:1.1:compile
[DEBUG]    org.apache.maven:maven-artifact:jar:2.0.6:compile
[DEBUG]    org.apache.maven:maven-settings:jar:2.0.6:compile
[DEBUG]    org.apache.maven:maven-model:jar:2.0.6:compile
[DEBUG]    org.apache.maven:maven-monitor:jar:2.0.6:compile
[DEBUG]    org.codehaus.plexus:plexus-container-default:jar:1.0-alpha-9-stable-1:compile
[DEBUG]       junit:junit:jar:3.8.1:compile
[DEBUG]    org.codehaus.plexus:plexus-utils:jar:2.0.5:compile
[DEBUG]    org.apache.maven.shared:maven-filtering:jar:1.0-beta-4:compile
[DEBUG]       org.sonatype.plexus:plexus-build-api:jar:0.0.4:compile
[DEBUG]    org.codehaus.plexus:plexus-interpolation:jar:1.13:compile
[DEBUG] Created new class realm plugin>org.apache.maven.plugins:maven-resources-plugin:2.4.3
[DEBUG] Importing foreign packages into class realm plugin>org.apache.maven.plugins:maven-resources-plugin:2.4.3
[DEBUG]   Imported:  < maven.api
[DEBUG] Populating class realm plugin>org.apache.maven.plugins:maven-resources-plugin:2.4.3
[DEBUG]   Included: org.apache.maven.plugins:maven-resources-plugin:jar:2.4.3
[DEBUG]   Included: org.apache.maven.reporting:maven-reporting-api:jar:2.0.6
[DEBUG]   Included: org.apache.maven.doxia:doxia-sink-api:jar:1.0-alpha-7
[DEBUG]   Included: commons-cli:commons-cli:jar:1.0
[DEBUG]   Included: org.codehaus.plexus:plexus-interactivity-api:jar:1.0-alpha-4
[DEBUG]   Included: junit:junit:jar:3.8.1
[DEBUG]   Included: org.codehaus.plexus:plexus-utils:jar:2.0.5
[DEBUG]   Included: org.apache.maven.shared:maven-filtering:jar:1.0-beta-4
[DEBUG]   Included: org.sonatype.plexus:plexus-build-api:jar:0.0.4
[DEBUG]   Included: org.codehaus.plexus:plexus-interpolation:jar:1.13
[DEBUG]   Excluded: org.apache.maven:maven-plugin-api:jar:2.0.6
[DEBUG]   Excluded: org.apache.maven:maven-project:jar:2.0.6
[DEBUG]   Excluded: org.apache.maven:maven-profile:jar:2.0.6
[DEBUG]   Excluded: org.apache.maven:maven-artifact-manager:jar:2.0.6
[DEBUG]   Excluded: org.apache.maven:maven-plugin-registry:jar:2.0.6
[DEBUG]   Excluded: org.apache.maven:maven-core:jar:2.0.6
[DEBUG]   Excluded: org.apache.maven:maven-plugin-parameter-documenter:jar:2.0.6
[DEBUG]   Excluded: org.apache.maven:maven-repository-metadata:jar:2.0.6
[DEBUG]   Excluded: org.apache.maven:maven-error-diagnostics:jar:2.0.6
[DEBUG]   Excluded: org.apache.maven:maven-plugin-descriptor:jar:2.0.6
[DEBUG]   Excluded: classworlds:classworlds:jar:1.1
[DEBUG]   Excluded: org.apache.maven:maven-artifact:jar:2.0.6
[DEBUG]   Excluded: org.apache.maven:maven-settings:jar:2.0.6
[DEBUG]   Excluded: org.apache.maven:maven-model:jar:2.0.6
[DEBUG]   Excluded: org.apache.maven:maven-monitor:jar:2.0.6
[DEBUG]   Excluded: org.codehaus.plexus:plexus-container-default:jar:1.0-alpha-9-stable-1
[DEBUG] Configuring mojo org.apache.maven.plugins:maven-resources-plugin:2.4.3:resources from plugin realm ClassRealm[plugin>org.apache.maven.plugins:maven-resources-plugin:2.4.3, parent: sun.misc.Launcher$AppClassLoader@3f610944]
[DEBUG] Configuring mojo 'org.apache.maven.plugins:maven-resources-plugin:2.4.3:resources' with basic configurator -->
[DEBUG]   (f) buildFilters = []
[DEBUG]   (f) escapeWindowsPaths = true
[DEBUG]   (s) includeEmptyDirs = false
[DEBUG]   (s) outputDirectory = /Users/kama/ws-git/apache/mear/MEAR-180/ear/target/classes
[DEBUG]   (s) overwrite = false
[DEBUG]   (f) project = MavenProject: ch.rethab:ear:1.0.0 @ /Users/kama/ws-git/apache/mear/MEAR-180/ear/pom.xml
[DEBUG]   (s) resources = [Resource {targetPath: null, filtering: false, FileSet {directory: /Users/kama/ws-git/apache/mear/MEAR-180/ear/src/main/resources, PatternSet [includes: {}, excludes: {}]}}]
[DEBUG]   (f) session = org.apache.maven.execution.MavenSession@5a89a850
[DEBUG]   (f) useBuildFilters = true
[DEBUG]   (s) useDefaultDelimiters = true
[DEBUG] -- end configuration --
[DEBUG] properties used {java.vendor=Oracle Corporation, sun.java.launcher=SUN_STANDARD, sun.management.compiler=HotSpot 64-Bit Tiered Compilers, env.SECURITYSESSIONID=187b8, env.COLORFGBG=0;15, env.GEM_HOME=/Users/kama/.rvm/gems/ruby-1.9.3-p429, os.name=Mac OS X, sun.boot.class.path=/Library/Java/JavaVirtualMachines/jdk1.7.0_21.jdk/Contents/Home/jre/lib/resources.jar:/Library/Java/JavaVirtualMachines/jdk1.7.0_21.jdk/Contents/Home/jre/lib/rt.jar:/Library/Java/JavaVirtualMachines/jdk1.7.0_21.jdk/Contents/Home/jre/lib/sunrsasign.jar:/Library/Java/JavaVirtualMachines/jdk1.7.0_21.jdk/Contents/Home/jre/lib/jsse.jar:/Library/Java/JavaVirtualMachines/jdk1.7.0_21.jdk/Contents/Home/jre/lib/jce.jar:/Library/Java/JavaVirtualMachines/jdk1.7.0_21.jdk/Contents/Home/jre/lib/charsets.jar:/Library/Java/JavaVirtualMachines/jdk1.7.0_21.jdk/Contents/Home/jre/lib/jfr.jar:/Library/Java/JavaVirtualMachines/jdk1.7.0_21.jdk/Contents/Home/jre/lib/JObjC.jar:/Library/Java/JavaVirtualMachines/jdk1.7.0_21.jdk/Contents/Home/jre/classes, env.TMPDIR=/var/folders/22/mdbr7dbx7ln66nz3yhrhph_h0000gn/T/, env.Apple_Ubiquity_Message=/tmp/launch-0qQkr8/Apple_Ubiquity_Message, env.PWD=/Users/kama/ws-git/apache/mear/MEAR-180/ear, user.country.format=DE, java.vm.specification.vendor=Oracle Corporation, java.runtime.version=1.7.0_21-b12, env.MY_RUBY_HOME=/Users/kama/.rvm/rubies/ruby-1.9.3-p429, env.Apple_PubSub_Socket_Render=/tmp/launch-JHi25r/Render, env.rvm_version=1.20.13 (), user.name=kama, maven.build.version=Apache Maven 3.1.1 (0728685237757ffbf44136acec0402957f723d9a; 2013-09-17 17:22:22+0200), env.USER=kama, env.SHELL=/bin/bash, env.__CF_USER_TEXT_ENCODING=0x1F5:0:0, env.PATH=/Applications/Doxygen.app/Contents/Resources:/usr/share/gradle/bin:/usr/share/groovy/bin:/Users/kama/bin:/opt/local/bin:/opt/local/sbin:/Users/kama/.rvm/gems/ruby-1.9.3-p429/bin:/Users/kama/.rvm/gems/ruby-1.9.3-p429@global/bin:/Users/kama/.rvm/rubies/ruby-1.9.3-p429/bin:/Users/kama/.rvm/bin:/usr/share/maven/bin:/usr/local/mysql/bin:/opt/subversion/bin:/usr/bin:/bin:/usr/sbin:/sbin:/usr/local/bin:/usr/local/git/bin:/usr/local/MacGPG2/bin, user.language=en, env.rvm_prefix=/Users/kama, sun.boot.library.path=/Library/Java/JavaVirtualMachines/jdk1.7.0_21.jdk/Contents/Home/jre/lib, classworlds.conf=/usr/share/maven/bin/m2.conf, env.rvm_path=/Users/kama/.rvm, env.LC_CTYPE=UTF-8, env.RUBY_VERSION=ruby-1.9.3-p429, java.version=1.7.0_21, user.timezone=Europe/Berlin, sun.arch.data.model=64, http.nonProxyHosts=local|*.local|169.254/16|*.169.254/16, java.endorsed.dirs=/Library/Java/JavaVirtualMachines/jdk1.7.0_21.jdk/Contents/Home/jre/lib/endorsed, sun.cpu.isalist=, sun.jnu.encoding=UTF-8, env.ITERM_SESSION_ID=w0t6p0, env.rvm_bin_path=/Users/kama/.rvm/bin, file.encoding.pkg=sun.io, env.SHLVL=1, file.separator=/, java.specification.name=Java Platform API Specification, java.class.version=51.0, org.slf4j.simpleLogger.defaultLogLevel=debug, user.country=US, java.home=/Library/Java/JavaVirtualMachines/jdk1.7.0_21.jdk/Contents/Home/jre, java.vm.info=mixed mode, env.LOGNAME=kama, os.version=10.8.5, path.separator=:, java.vm.version=23.21-b01, env.IRBRC=/Users/kama/.rvm/rubies/ruby-1.9.3-p429/.irbrc, env.JAVA_HOME=/Library/Java/JavaVirtualMachines/jdk1.7.0_21.jdk/Contents/Home, java.awt.printerjob=sun.lwawt.macosx.CPrinterJob, env.TERM=xterm-256color, sun.io.unicode.encoding=UnicodeBig, awt.toolkit=sun.lwawt.macosx.LWCToolkit, socksNonProxyHosts=local|*.local|169.254/16|*.169.254/16, ftp.nonProxyHosts=local|*.local|169.254/16|*.169.254/16, env.GEM_PATH=/Users/kama/.rvm/gems/ruby-1.9.3-p429:/Users/kama/.rvm/gems/ruby-1.9.3-p429@global, user.home=/Users/kama, env.OLDPWD=/Users/kama/ws-git/apache/mear/MEAR-180/ear, java.specification.vendor=Oracle Corporation, env.TERM_PROGRAM=iTerm.app, java.library.path=/Users/kama/Library/Java/Extensions:/Library/Java/Extensions:/Network/Library/Java/Extensions:/System/Library/Java/Extensions:/usr/lib/java:., java.vendor.url=http://java.oracle.com/, env.JAVA_MAIN_CLASS_38064=org.codehaus.plexus.classworlds.launcher.Launcher, java.vm.vendor=Oracle Corporation, gopherProxySet=false, maven.home=/usr/share/maven, java.runtime.name=Java(TM) SE Runtime Environment, sun.java.command=org.codehaus.plexus.classworlds.launcher.Launcher -X package, java.class.path=/usr/share/maven/boot/plexus-classworlds-2.5.1.jar, maven.version=3.1.1, java.vm.specification.name=Java Virtual Machine Specification, java.vm.specification.version=1.7, sun.cpu.endian=little, sun.os.patch.level=unknown, env.HOME=/Users/kama, java.io.tmpdir=/var/folders/22/mdbr7dbx7ln66nz3yhrhph_h0000gn/T/, java.vendor.url.bug=http://bugreport.sun.com/bugreport/, env.SSH_AUTH_SOCK=/tmp/launch-UdaCBp/Listeners, env.COMMAND_MODE=unix2003, os.arch=x86_64, java.awt.graphicsenv=sun.awt.CGraphicsEnvironment, java.ext.dirs=/Users/kama/Library/Java/Extensions:/Library/Java/JavaVirtualMachines/jdk1.7.0_21.jdk/Contents/Home/jre/lib/ext:/Library/Java/Extensions:/Network/Library/Java/Extensions:/System/Library/Java/Extensions:/usr/lib/java, env.PERL5LIB=/opt/subversion/lib/svn-perl/, user.dir=/Users/kama/ws-git/apache/mear/MEAR-180/ear, line.separator=
, java.vm.name=Java HotSpot(TM) 64-Bit Server VM, env.ITERM_PROFILE=Default, file.encoding=UTF-8, java.specification.version=1.7}
[WARNING] Using platform encoding (UTF-8 actually) to copy filtered resources, i.e. build is platform dependent!
[DEBUG] resource with targetPath null
directory /Users/kama/ws-git/apache/mear/MEAR-180/ear/src/main/resources
excludes []
includes []
[INFO] skip non existing resourceDirectory /Users/kama/ws-git/apache/mear/MEAR-180/ear/src/main/resources
[INFO] 
[INFO] --- maven-ear-plugin:2.10-SNAPSHOT:ear (default-ear) @ ear ---
[DEBUG] Configuring mojo org.apache.maven.plugins:maven-ear-plugin:2.10-SNAPSHOT:ear from plugin realm ClassRealm[plugin>org.apache.maven.plugins:maven-ear-plugin:2.10-SNAPSHOT, parent: sun.misc.Launcher$AppClassLoader@3f610944]
[DEBUG] Configuring mojo 'org.apache.maven.plugins:maven-ear-plugin:2.10-SNAPSHOT:ear' with basic configurator -->
[DEBUG]   (f) defaultLibBundleDir = lib
[DEBUG]   (f) earSourceDirectory = /Users/kama/ws-git/apache/mear/MEAR-180/ear/src/main/application
[DEBUG]   (f) earSourceIncludes = **
[DEBUG]   (f) encoding = UTF-8
[DEBUG]   (f) escapedBackslashesInFilePath = false
[DEBUG]   (f) filtering = false
[DEBUG]   (f) finalName = ear-1.0.0
[DEBUG]   (f) generatedDescriptorLocation = /Users/kama/ws-git/apache/mear/MEAR-180/ear/target
[DEBUG]   (f) includeLibInApplicationXml = false
[DEBUG]   (f) outputDirectory = /Users/kama/ws-git/apache/mear/MEAR-180/ear/target
[DEBUG]   (f) project = MavenProject: ch.rethab:ear:1.0.0 @ /Users/kama/ws-git/apache/mear/MEAR-180/ear/pom.xml
[DEBUG]   (f) session = org.apache.maven.execution.MavenSession@5a89a850
[DEBUG]   (f) skinnyWars = false
[DEBUG]   (f) tempFolder = /Users/kama/ws-git/apache/mear/MEAR-180/ear/target
[DEBUG]   (f) useJvmChmod = true
[DEBUG]   (f) version = 1.3
[DEBUG]   (f) workDirectory = /Users/kama/ws-git/apache/mear/MEAR-180/ear/target/ear-1.0.0
[DEBUG] -- end configuration --
[DEBUG] Resolving artifact type mappings ...
[DEBUG] Initializing JBoss configuration if necessary ...
[DEBUG] Initializing ear execution context
[DEBUG] Resolving ear modules ...
[DEBUG] Module to copy:ch.rethab.email:utilities:jar:1.0.0
[INFO] Copying artifact [jar:ch.rethab.email:utilities:1.0.0] to [lib/utilities-1.0.0.jar] (ANTON)
[DEBUG] Module to copy:ch.rethab.collections:utilities:jar:1.0.0
[DEBUG] Skipping artifact [jar:ch.rethab.collections:utilities:1.0.0], as it is already up to date at [lib/utilities-1.0.0.jar]
[DEBUG] Jar archiver implementation [org.codehaus.plexus.archiver.jar.JarArchiver]
[INFO] Could not find manifest file: /Users/kama/ws-git/apache/mear/MEAR-180/ear/target/ear-1.0.0/META-INF/MANIFEST.MF - Generating one
[DEBUG] Excluding [] from the generated EAR.
[DEBUG] Including [**] in the generated EAR.
[INFO] Building jar: /Users/kama/ws-git/apache/mear/MEAR-180/ear/target/ear-1.0.0.ear
[DEBUG] adding directory META-INF/
[DEBUG] adding entry META-INF/MANIFEST.MF
[DEBUG] adding directory lib/
[DEBUG] adding entry lib/utilities-1.0.0.jar
[DEBUG] adding entry META-INF/application.xml
[DEBUG] adding directory META-INF/maven/
[DEBUG] adding directory META-INF/maven/ch.rethab/
[DEBUG] adding directory META-INF/maven/ch.rethab/ear/
[DEBUG] adding entry META-INF/maven/ch.rethab/ear/pom.xml
[DEBUG] adding entry META-INF/maven/ch.rethab/ear/pom.properties
[INFO] ------------------------------------------------------------------------
[INFO] BUILD SUCCESS
[INFO] ------------------------------------------------------------------------
[INFO] Total time: 1.122s
[INFO] Finished at: Sat Oct 04 19:54:08 CEST 2014
[INFO] Final Memory: 11M/212M
[INFO] ------------------------------------------------------------------------
